TpTrace Verbose: 0 : 3748, 1, 2025/11/23, 09:48:14.774, 268044701752, vstest.console.dll, Version: 18.0.1-release-25523-111 Current process architecture: X64
TpTrace Verbose: 0 : 3748, 1, 2025/11/23, 09:48:14.776, 268046948892, vstest.console.dll, Runtime location: /usr/share/dotnet/shared/Microsoft.NETCore.App/10.0.0
TpTrace Information: 0 : 3748, 1, 2025/11/23, 09:48:14.778, 268048969717, vstest.console.dll, Using .Net Framework version:.NETCoreApp,Version=v10.0
TpTrace Verbose: 0 : 3748, 1, 2025/11/23, 09:48:14.778, 268049056786, vstest.console.dll, ArtifactProcessingPostProcessModeProcessorExecutor.Initialize: ArtifactProcessingMode.Collect
TpTrace Verbose: 0 : 3748, 1, 2025/11/23, 09:48:14.778, 268049122525, vstest.console.dll, TestSessionCorrelationIdProcessorModeProcessorExecutor.Initialize: TestSessionCorrelationId '3691_0da12b99-a125-461e-bc0a-8f6f84a51530'
TpTrace Information: 0 : 3748, 1, 2025/11/23, 09:48:14.785, 268055470598, vstest.console.dll, FilePatternParser: The given file /home/runner/work/algorithms/algorithms/Tests/bin/Debug/net10.0/Tests.dll is a full path.
TpTrace Verbose: 0 : 3748, 1, 2025/11/23, 09:48:14.788, 268058355268, vstest.console.dll, TestPluginCache.DiscoverTestExtensions: finding test extensions in assemblies ends with: RuntimeProvider.dll TPluginInfo: Microsoft.VisualStudio.TestPlatform.Common.ExtensionFramework.Utilities.TestRuntimePluginInformation TExtension: Microsoft.VisualStudio.TestPlatform.ObjectModel.Host.ITestRuntimeProvider
TpTrace Verbose: 0 : 3748, 1, 2025/11/23, 09:48:14.788, 268058644892, vstest.console.dll, TestPluginCache.GetExtensionPaths: Filtered extension paths: 
TpTrace Verbose: 0 : 3748, 1, 2025/11/23, 09:48:14.788, 268058707786, vstest.console.dll, TestPluginCache.GetExtensionPaths: Added default extension paths: /usr/share/dotnet/sdk/10.0.100/Extensions/Microsoft.TestPlatform.Extensions.BlameDataCollector.dll
/usr/share/dotnet/sdk/10.0.100/Extensions/Microsoft.TestPlatform.TestHostRuntimeProvider.dll
/usr/share/dotnet/sdk/10.0.100/Extensions/Microsoft.VisualStudio.TestPlatform.Extensions.Html.TestLogger.dll
/usr/share/dotnet/sdk/10.0.100/Extensions/Microsoft.Diagnostics.NETCore.Client.dll
/usr/share/dotnet/sdk/10.0.100/Extensions/Microsoft.TestPlatform.Extensions.EventLogCollector.dll
/usr/share/dotnet/sdk/10.0.100/Extensions/Microsoft.VisualStudio.TestPlatform.Extensions.Trx.TestLogger.dll
TpTrace Verbose: 0 : 3748, 1, 2025/11/23, 09:48:14.788, 268058726470, vstest.console.dll, TestPluginCache.GetExtensionPaths: Added unfilterableExtensionPaths: 
TpTrace Information: 0 : 3748, 1, 2025/11/23, 09:48:14.788, 268059311849, vstest.console.dll, AssemblyResolver.ctor: Creating AssemblyResolver with searchDirectories /usr/share/dotnet/sdk/10.0.100/Extensions,/usr/share/dotnet/sdk/10.0.100
TpTrace Verbose: 0 : 3748, 1, 2025/11/23, 09:48:14.789, 268060172633, vstest.console.dll, TestPluginCache.DiscoverTestExtensions: Discovering the extensions using extension path.
TpTrace Verbose: 0 : 3748, 1, 2025/11/23, 09:48:14.789, 268060268156, vstest.console.dll, TestPluginCache.GetExtensionPaths: Filtered extension paths: 
TpTrace Verbose: 0 : 3748, 1, 2025/11/23, 09:48:14.789, 268060298700, vstest.console.dll, TestPluginCache.GetExtensionPaths: Added default extension paths: /usr/share/dotnet/sdk/10.0.100/Extensions/Microsoft.TestPlatform.Extensions.BlameDataCollector.dll
/usr/share/dotnet/sdk/10.0.100/Extensions/Microsoft.TestPlatform.TestHostRuntimeProvider.dll
/usr/share/dotnet/sdk/10.0.100/Extensions/Microsoft.VisualStudio.TestPlatform.Extensions.Html.TestLogger.dll
/usr/share/dotnet/sdk/10.0.100/Extensions/Microsoft.Diagnostics.NETCore.Client.dll
/usr/share/dotnet/sdk/10.0.100/Extensions/Microsoft.TestPlatform.Extensions.EventLogCollector.dll
/usr/share/dotnet/sdk/10.0.100/Extensions/Microsoft.VisualStudio.TestPlatform.Extensions.Trx.TestLogger.dll
TpTrace Verbose: 0 : 3748, 1, 2025/11/23, 09:48:14.789, 268060314146, vstest.console.dll, TestPluginCache.GetExtensionPaths: Added unfilterableExtensionPaths: 
TpTrace Verbose: 0 : 3748, 1, 2025/11/23, 09:48:14.790, 268060360093, vstest.console.dll, TestPluginCache.DiscoverTestExtensions: Discovering the extensions using allExtensionPaths: /usr/share/dotnet/sdk/10.0.100/Extensions/Microsoft.TestPlatform.Extensions.BlameDataCollector.dll
/usr/share/dotnet/sdk/10.0.100/Extensions/Microsoft.TestPlatform.TestHostRuntimeProvider.dll
/usr/share/dotnet/sdk/10.0.100/Extensions/Microsoft.VisualStudio.TestPlatform.Extensions.Html.TestLogger.dll
/usr/share/dotnet/sdk/10.0.100/Extensions/Microsoft.Diagnostics.NETCore.Client.dll
/usr/share/dotnet/sdk/10.0.100/Extensions/Microsoft.TestPlatform.Extensions.EventLogCollector.dll
/usr/share/dotnet/sdk/10.0.100/Extensions/Microsoft.VisualStudio.TestPlatform.Extensions.Trx.TestLogger.dll
TpTrace Information: 0 : 3748, 1, 2025/11/23, 09:48:14.790, 268060446808, vstest.console.dll, AssemblyResolver.AddSearchDirectories: Adding more searchDirectories /usr/share/dotnet/sdk/10.0.100/Extensions,/usr/share/dotnet/sdk/10.0.100
TpTrace Information: 0 : 3748, 1, 2025/11/23, 09:48:14.790, 268060491082, vstest.console.dll, AssemblyResolver.AddSearchDirectories: Adding more searchDirectories /usr/share/dotnet/sdk/10.0.100/Extensions,/usr/share/dotnet/sdk/10.0.100
TpTrace Information: 0 : 3748, 1, 2025/11/23, 09:48:14.790, 268060514076, vstest.console.dll, AssemblyResolver.AddSearchDirectories: Adding more searchDirectories /usr/share/dotnet/sdk/10.0.100/Extensions,/usr/share/dotnet/sdk/10.0.100
TpTrace Information: 0 : 3748, 1, 2025/11/23, 09:48:14.790, 268060524181, vstest.console.dll, AssemblyResolver.AddSearchDirectories: Adding more searchDirectories /usr/share/dotnet/sdk/10.0.100/Extensions,/usr/share/dotnet/sdk/10.0.100
TpTrace Information: 0 : 3748, 1, 2025/11/23, 09:48:14.790, 268060532882, vstest.console.dll, AssemblyResolver.AddSearchDirectories: Adding more searchDirectories /usr/share/dotnet/sdk/10.0.100/Extensions,/usr/share/dotnet/sdk/10.0.100
TpTrace Information: 0 : 3748, 1, 2025/11/23, 09:48:14.790, 268060544279, vstest.console.dll, AssemblyResolver.AddSearchDirectories: Adding more searchDirectories /usr/share/dotnet/sdk/10.0.100/Extensions,/usr/share/dotnet/sdk/10.0.100
TpTrace Information: 0 : 3748, 1, 2025/11/23, 09:48:14.790, 268061036287, vstest.console.dll, AssemblyResolver.OnResolve: Microsoft.TestPlatform.Extensions.BlameDataCollector: Resolving assembly.
TpTrace Information: 0 : 3748, 1, 2025/11/23, 09:48:14.790, 268061095375, vstest.console.dll, AssemblyResolver.OnResolve: Microsoft.TestPlatform.Extensions.BlameDataCollector: Searching in: '/usr/share/dotnet/sdk/10.0.100/Extensions'.
TpTrace Information: 0 : 3748, 1, 2025/11/23, 09:48:14.797, 268067584608, vstest.console.dll, AssemblyResolver.OnResolve: Microsoft.TestPlatform.Extensions.BlameDataCollector: Loading assembly '/usr/share/dotnet/sdk/10.0.100/Extensions/Microsoft.TestPlatform.Extensions.BlameDataCollector.dll'.
TpTrace Information: 0 : 3748, 1, 2025/11/23, 09:48:14.797, 268067818521, vstest.console.dll, AssemblyResolver.OnResolve: Resolved assembly: Microsoft.TestPlatform.Extensions.BlameDataCollector, from path: /usr/share/dotnet/sdk/10.0.100/Extensions/Microsoft.TestPlatform.Extensions.BlameDataCollector.dll
TpTrace Verbose: 0 : 3748, 1, 2025/11/23, 09:48:14.798, 268068621396, vstest.console.dll, MetadataReaderExtensionsHelper: Discovering extensions inside assembly 'Microsoft.TestPlatform.Extensions.BlameDataCollector, Version=15.0.0.0, Culture=neutral, PublicKeyToken=b03f5f7f11d50a3a' file path '/usr/share/dotnet/sdk/10.0.100/Extensions/Microsoft.TestPlatform.Extensions.BlameDataCollector.dll'
TpTrace Information: 0 : 3748, 1, 2025/11/23, 09:48:14.799, 268070082111, vstest.console.dll, AssemblyResolver.OnResolve: Microsoft.TestPlatform.TestHostRuntimeProvider: Resolving assembly.
TpTrace Information: 0 : 3748, 1, 2025/11/23, 09:48:14.799, 268070125906, vstest.console.dll, AssemblyResolver.OnResolve: Microsoft.TestPlatform.TestHostRuntimeProvider: Searching in: '/usr/share/dotnet/sdk/10.0.100/Extensions'.
TpTrace Information: 0 : 3748, 1, 2025/11/23, 09:48:14.799, 268070262029, vstest.console.dll, AssemblyResolver.OnResolve: Microsoft.TestPlatform.TestHostRuntimeProvider: Loading assembly '/usr/share/dotnet/sdk/10.0.100/Extensions/Microsoft.TestPlatform.TestHostRuntimeProvider.dll'.
TpTrace Information: 0 : 3748, 1, 2025/11/23, 09:48:14.800, 268070429591, vstest.console.dll, AssemblyResolver.OnResolve: Resolved assembly: Microsoft.TestPlatform.TestHostRuntimeProvider, from path: /usr/share/dotnet/sdk/10.0.100/Extensions/Microsoft.TestPlatform.TestHostRuntimeProvider.dll
TpTrace Verbose: 0 : 3748, 1, 2025/11/23, 09:48:14.800, 268070474618, vstest.console.dll, MetadataReaderExtensionsHelper: Discovering extensions inside assembly 'Microsoft.TestPlatform.TestHostRuntimeProvider, Version=15.0.0.0, Culture=neutral, PublicKeyToken=b03f5f7f11d50a3a' file path '/usr/share/dotnet/sdk/10.0.100/Extensions/Microsoft.TestPlatform.TestHostRuntimeProvider.dll'
TpTrace Information: 0 : 3748, 1, 2025/11/23, 09:48:14.801, 268071484263, vstest.console.dll, GetTestExtensionFromType: Register extension with identifier data 'HostProvider://DefaultTestHost' and type 'Microsoft.VisualStudio.TestPlatform.CrossPlatEngine.Hosting.DefaultTestHostManager, Microsoft.TestPlatform.TestHostRuntimeProvider, Version=15.0.0.0, Culture=neutral, PublicKeyToken=b03f5f7f11d50a3a' inside file '/usr/share/dotnet/sdk/10.0.100/Extensions/Microsoft.TestPlatform.TestHostRuntimeProvider.dll'
TpTrace Information: 0 : 3748, 1, 2025/11/23, 09:48:14.801, 268071801268, vstest.console.dll, GetTestExtensionFromType: Register extension with identifier data 'HostProvider://DotnetTestHost' and type 'Microsoft.VisualStudio.TestPlatform.CrossPlatEngine.Hosting.DotnetTestHostManager, Microsoft.TestPlatform.TestHostRuntimeProvider, Version=15.0.0.0, Culture=neutral, PublicKeyToken=b03f5f7f11d50a3a' inside file '/usr/share/dotnet/sdk/10.0.100/Extensions/Microsoft.TestPlatform.TestHostRuntimeProvider.dll'
TpTrace Information: 0 : 3748, 1, 2025/11/23, 09:48:14.801, 268071862464, vstest.console.dll, AssemblyResolver.OnResolve: Microsoft.VisualStudio.TestPlatform.Extensions.Html.TestLogger: Resolving assembly.
TpTrace Information: 0 : 3748, 1, 2025/11/23, 09:48:14.801, 268071891941, vstest.console.dll, AssemblyResolver.OnResolve: Microsoft.VisualStudio.TestPlatform.Extensions.Html.TestLogger: Searching in: '/usr/share/dotnet/sdk/10.0.100/Extensions'.
TpTrace Information: 0 : 3748, 1, 2025/11/23, 09:48:14.801, 268072032255, vstest.console.dll, AssemblyResolver.OnResolve: Microsoft.VisualStudio.TestPlatform.Extensions.Html.TestLogger: Loading assembly '/usr/share/dotnet/sdk/10.0.100/Extensions/Microsoft.VisualStudio.TestPlatform.Extensions.Html.TestLogger.dll'.
TpTrace Information: 0 : 3748, 1, 2025/11/23, 09:48:14.801, 268072168488, vstest.console.dll, AssemblyResolver.OnResolve: Resolved assembly: Microsoft.VisualStudio.TestPlatform.Extensions.Html.TestLogger, from path: /usr/share/dotnet/sdk/10.0.100/Extensions/Microsoft.VisualStudio.TestPlatform.Extensions.Html.TestLogger.dll
TpTrace Verbose: 0 : 3748, 1, 2025/11/23, 09:48:14.801, 268072209038, vstest.console.dll, MetadataReaderExtensionsHelper: Discovering extensions inside assembly 'Microsoft.VisualStudio.TestPlatform.Extensions.Html.TestLogger, Version=15.0.0.0, Culture=neutral, PublicKeyToken=b03f5f7f11d50a3a' file path '/usr/share/dotnet/sdk/10.0.100/Extensions/Microsoft.VisualStudio.TestPlatform.Extensions.Html.TestLogger.dll'
TpTrace Information: 0 : 3748, 1, 2025/11/23, 09:48:14.802, 268072648987, vstest.console.dll, AssemblyResolver.OnResolve: Microsoft.Diagnostics.NETCore.Client: Resolving assembly.
TpTrace Information: 0 : 3748, 1, 2025/11/23, 09:48:14.802, 268072688547, vstest.console.dll, AssemblyResolver.OnResolve: Microsoft.Diagnostics.NETCore.Client: Searching in: '/usr/share/dotnet/sdk/10.0.100/Extensions'.
TpTrace Information: 0 : 3748, 1, 2025/11/23, 09:48:14.802, 268072798319, vstest.console.dll, AssemblyResolver.OnResolve: Microsoft.Diagnostics.NETCore.Client: Loading assembly '/usr/share/dotnet/sdk/10.0.100/Extensions/Microsoft.Diagnostics.NETCore.Client.dll'.
TpTrace Information: 0 : 3748, 1, 2025/11/23, 09:48:14.802, 268072978263, vstest.console.dll, AssemblyResolver.OnResolve: Resolved assembly: Microsoft.Diagnostics.NETCore.Client, from path: /usr/share/dotnet/sdk/10.0.100/Extensions/Microsoft.Diagnostics.NETCore.Client.dll
TpTrace Verbose: 0 : 3748, 1, 2025/11/23, 09:48:14.802, 268073034767, vstest.console.dll, MetadataReaderExtensionsHelper: Discovering extensions inside assembly 'Microsoft.Diagnostics.NETCore.Client, Version=0.2.13.2411, Culture=neutral, PublicKeyToken=31bf3856ad364e35' file path '/usr/share/dotnet/sdk/10.0.100/Extensions/Microsoft.Diagnostics.NETCore.Client.dll'
TpTrace Information: 0 : 3748, 1, 2025/11/23, 09:48:14.803, 268073692114, vstest.console.dll, AssemblyResolver.OnResolve: Microsoft.Bcl.AsyncInterfaces: Resolving assembly.
TpTrace Information: 0 : 3748, 1, 2025/11/23, 09:48:14.803, 268073737951, vstest.console.dll, AssemblyResolver.OnResolve: Microsoft.Bcl.AsyncInterfaces: Searching in: '/usr/share/dotnet/sdk/10.0.100/Extensions'.
TpTrace Information: 0 : 3748, 1, 2025/11/23, 09:48:14.803, 268073763917, vstest.console.dll, AssemblyResolver.OnResolve: Microsoft.Bcl.AsyncInterfaces: Assembly path does not exist: '/usr/share/dotnet/sdk/10.0.100/Extensions/Microsoft.Bcl.AsyncInterfaces.dll', returning.
TpTrace Information: 0 : 3748, 1, 2025/11/23, 09:48:14.803, 268073778540, vstest.console.dll, AssemblyResolver.OnResolve: Microsoft.Bcl.AsyncInterfaces: Assembly path does not exist: '/usr/share/dotnet/sdk/10.0.100/Extensions/Microsoft.Bcl.AsyncInterfaces.exe', returning.
TpTrace Information: 0 : 3748, 1, 2025/11/23, 09:48:14.803, 268073788422, vstest.console.dll, AssemblyResolver.OnResolve: Microsoft.Bcl.AsyncInterfaces: Searching in: '/usr/share/dotnet/sdk/10.0.100'.
TpTrace Information: 0 : 3748, 1, 2025/11/23, 09:48:14.803, 268073800178, vstest.console.dll, AssemblyResolver.OnResolve: Microsoft.Bcl.AsyncInterfaces: Assembly path does not exist: '/usr/share/dotnet/sdk/10.0.100/Microsoft.Bcl.AsyncInterfaces.dll', returning.
TpTrace Information: 0 : 3748, 1, 2025/11/23, 09:48:14.803, 268073815387, vstest.console.dll, AssemblyResolver.OnResolve: Microsoft.Bcl.AsyncInterfaces: Assembly path does not exist: '/usr/share/dotnet/sdk/10.0.100/Microsoft.Bcl.AsyncInterfaces.exe', returning.
TpTrace Information: 0 : 3748, 1, 2025/11/23, 09:48:14.803, 268073831390, vstest.console.dll, AssemblyResolver.OnResolve: Microsoft.Bcl.AsyncInterfaces: Failed to load assembly.
TpTrace Verbose: 0 : 3748, 1, 2025/11/23, 09:48:14.803, 268073853564, vstest.console.dll, CurrentDomainAssemblyResolve: Resolving assembly 'Microsoft.Bcl.AsyncInterfaces'.
TpTrace Information: 0 : 3748, 1, 2025/11/23, 09:48:14.803, 268073882896, vstest.console.dll, AssemblyResolver.OnResolve: Microsoft.Bcl.AsyncInterfaces: Resolving assembly.
TpTrace Information: 0 : 3748, 1, 2025/11/23, 09:48:14.803, 268073904321, vstest.console.dll, AssemblyResolver.OnResolve: Microsoft.Bcl.AsyncInterfaces: Resolved from cache.
TpTrace Verbose: 0 : 3748, 1, 2025/11/23, 09:48:14.803, 268073916582, vstest.console.dll, CurrentDomainAssemblyResolve: Resolving assembly 'Microsoft.Bcl.AsyncInterfaces'.
TpTrace Verbose: 0 : 3748, 1, 2025/11/23, 09:48:14.803, 268073934338, vstest.console.dll, CurrentDomainAssemblyResolve: Failed to resolve assembly 'Microsoft.Bcl.AsyncInterfaces'.
TpTrace Verbose: 0 : 3748, 1, 2025/11/23, 09:48:14.803, 268074213580, vstest.console.dll, CurrentDomainAssemblyResolve: Failed to resolve assembly 'Microsoft.Bcl.AsyncInterfaces'.
TpTrace Information: 0 : 3748, 1, 2025/11/23, 09:48:14.805, 268076023504, vstest.console.dll, AssemblyResolver.OnResolve: Microsoft.Bcl.AsyncInterfaces: Resolving assembly.
TpTrace Information: 0 : 3748, 1, 2025/11/23, 09:48:14.805, 268076073735, vstest.console.dll, AssemblyResolver.OnResolve: Microsoft.Bcl.AsyncInterfaces: Resolved from cache.
TpTrace Verbose: 0 : 3748, 1, 2025/11/23, 09:48:14.805, 268076091185, vstest.console.dll, CurrentDomainAssemblyResolve: Resolving assembly 'Microsoft.Bcl.AsyncInterfaces'.
TpTrace Verbose: 0 : 3748, 1, 2025/11/23, 09:48:14.805, 268076102725, vstest.console.dll, CurrentDomainAssemblyResolve: Failed to resolve assembly 'Microsoft.Bcl.AsyncInterfaces'.
TpTrace Information: 0 : 3748, 1, 2025/11/23, 09:48:14.806, 268076890374, vstest.console.dll, AssemblyResolver.OnResolve: Microsoft.Bcl.AsyncInterfaces: Resolving assembly.
TpTrace Information: 0 : 3748, 1, 2025/11/23, 09:48:14.806, 268076923132, vstest.console.dll, AssemblyResolver.OnResolve: Microsoft.Bcl.AsyncInterfaces: Resolved from cache.
TpTrace Verbose: 0 : 3748, 1, 2025/11/23, 09:48:14.806, 268076938078, vstest.console.dll, CurrentDomainAssemblyResolve: Resolving assembly 'Microsoft.Bcl.AsyncInterfaces'.
TpTrace Verbose: 0 : 3748, 1, 2025/11/23, 09:48:14.806, 268076956747, vstest.console.dll, CurrentDomainAssemblyResolve: Failed to resolve assembly 'Microsoft.Bcl.AsyncInterfaces'.
TpTrace Warning: 0 : 3748, 1, 2025/11/23, 09:48:14.817, 268087355199, vstest.console.dll, TestPluginDiscoverer: Failed to get types from assembly 'Microsoft.Diagnostics.NETCore.Client, Version=0.2.13.2411, Culture=neutral, PublicKeyToken=31bf3856ad364e35'. Error: System.Reflection.ReflectionTypeLoadException: Unable to load one or more of the requested types.
Could not load file or assembly 'Microsoft.Bcl.AsyncInterfaces, Version=9.0.0.8, Culture=neutral, PublicKeyToken=cc7b13ffcd2ddd51'. The system cannot find the file specified.

Could not load file or assembly 'Microsoft.Bcl.AsyncInterfaces, Version=9.0.0.8, Culture=neutral, PublicKeyToken=cc7b13ffcd2ddd51'. The system cannot find the file specified.

Could not load file or assembly 'Microsoft.Bcl.AsyncInterfaces, Version=9.0.0.8, Culture=neutral, PublicKeyToken=cc7b13ffcd2ddd51'. The system cannot find the file specified.

   at System.Reflection.RuntimeModule.GetDefinedTypes()
   at System.Reflection.RuntimeModule.GetTypes()
   at Microsoft.VisualStudio.TestPlatform.Common.ExtensionFramework.TestPluginDiscoverer.GetTestExtensionsFromAssembly[TPluginInfo,TExtension](Assembly assembly, Dictionary`2 pluginInfos, String filePath) in /_/src/vstest/src/Microsoft.TestPlatform.Common/ExtensionFramework/TestPluginDiscoverer.cs:line 159
System.IO.FileNotFoundException: Could not load file or assembly 'Microsoft.Bcl.AsyncInterfaces, Version=9.0.0.8, Culture=neutral, PublicKeyToken=cc7b13ffcd2ddd51'. The system cannot find the file specified.

File name: 'Microsoft.Bcl.AsyncInterfaces, Version=9.0.0.8, Culture=neutral, PublicKeyToken=cc7b13ffcd2ddd51'
 ---> System.IO.FileNotFoundException: Could not load file or assembly 'Microsoft.Bcl.AsyncInterfaces, Culture=neutral, PublicKeyToken=null'. The system cannot find the file specified.

File name: 'Microsoft.Bcl.AsyncInterfaces, Culture=neutral, PublicKeyToken=null'
   at System.Reflection.RuntimeAssembly.InternalLoad(AssemblyName assemblyName, StackCrawlMark& stackMark, AssemblyLoadContext assemblyLoadContext, RuntimeAssembly requestingAssembly, Boolean throwOnFileNotFound)
   at System.Reflection.Assembly.Load(AssemblyName assemblyRef)
   at Microsoft.VisualStudio.TestPlatform.Common.ExtensionFramework.TestPluginCache.CurrentDomainAssemblyResolve(Object sender, AssemblyResolveEventArgs args) in /_/src/vstest/src/Microsoft.TestPlatform.Common/ExtensionFramework/TestPluginCache.cs:line 514
   at System.Runtime.Loader.AssemblyLoadContext.GetFirstResolvedAssemblyFromResolvingEvent(AssemblyName assemblyName)
   at System.Runtime.Loader.AssemblyLoadContext.ResolveUsingEvent(AssemblyName assemblyName)
System.IO.FileNotFoundException: Could not load file or assembly 'Microsoft.Bcl.AsyncInterfaces, Version=9.0.0.8, Culture=neutral, PublicKeyToken=cc7b13ffcd2ddd51'. The system cannot find the file specified.

File name: 'Microsoft.Bcl.AsyncInterfaces, Version=9.0.0.8, Culture=neutral, PublicKeyToken=cc7b13ffcd2ddd51'
System.IO.FileNotFoundException: Could not load file or assembly 'Microsoft.Bcl.AsyncInterfaces, Version=9.0.0.8, Culture=neutral, PublicKeyToken=cc7b13ffcd2ddd51'. The system cannot find the file specified.

File name: 'Microsoft.Bcl.AsyncInterfaces, Version=9.0.0.8, Culture=neutral, PublicKeyToken=cc7b13ffcd2ddd51'
TpTrace Warning: 0 : 3748, 1, 2025/11/23, 09:48:14.817, 268087651411, vstest.console.dll, LoaderExceptions: System.IO.FileNotFoundException: Could not load file or assembly 'Microsoft.Bcl.AsyncInterfaces, Version=9.0.0.8, Culture=neutral, PublicKeyToken=cc7b13ffcd2ddd51'. The system cannot find the file specified.

File name: 'Microsoft.Bcl.AsyncInterfaces, Version=9.0.0.8, Culture=neutral, PublicKeyToken=cc7b13ffcd2ddd51'
 ---> System.IO.FileNotFoundException: Could not load file or assembly 'Microsoft.Bcl.AsyncInterfaces, Culture=neutral, PublicKeyToken=null'. The system cannot find the file specified.

File name: 'Microsoft.Bcl.AsyncInterfaces, Culture=neutral, PublicKeyToken=null'
   at System.Reflection.RuntimeAssembly.InternalLoad(AssemblyName assemblyName, StackCrawlMark& stackMark, AssemblyLoadContext assemblyLoadContext, RuntimeAssembly requestingAssembly, Boolean throwOnFileNotFound)
   at System.Reflection.Assembly.Load(AssemblyName assemblyRef)
   at Microsoft.VisualStudio.TestPlatform.Common.ExtensionFramework.TestPluginCache.CurrentDomainAssemblyResolve(Object sender, AssemblyResolveEventArgs args) in /_/src/vstest/src/Microsoft.TestPlatform.Common/ExtensionFramework/TestPluginCache.cs:line 514
   at System.Runtime.Loader.AssemblyLoadContext.GetFirstResolvedAssemblyFromResolvingEvent(AssemblyName assemblyName)
   at System.Runtime.Loader.AssemblyLoadContext.ResolveUsingEvent(AssemblyName assemblyName)
TpTrace Warning: 0 : 3748, 1, 2025/11/23, 09:48:14.817, 268087808744, vstest.console.dll, LoaderExceptions: System.IO.FileNotFoundException: Could not load file or assembly 'Microsoft.Bcl.AsyncInterfaces, Version=9.0.0.8, Culture=neutral, PublicKeyToken=cc7b13ffcd2ddd51'. The system cannot find the file specified.

File name: 'Microsoft.Bcl.AsyncInterfaces, Version=9.0.0.8, Culture=neutral, PublicKeyToken=cc7b13ffcd2ddd51'
TpTrace Warning: 0 : 3748, 1, 2025/11/23, 09:48:14.817, 268087828857, vstest.console.dll, LoaderExceptions: System.IO.FileNotFoundException: Could not load file or assembly 'Microsoft.Bcl.AsyncInterfaces, Version=9.0.0.8, Culture=neutral, PublicKeyToken=cc7b13ffcd2ddd51'. The system cannot find the file specified.

File name: 'Microsoft.Bcl.AsyncInterfaces, Version=9.0.0.8, Culture=neutral, PublicKeyToken=cc7b13ffcd2ddd51'
TpTrace Information: 0 : 3748, 1, 2025/11/23, 09:48:14.817, 268087894541, vstest.console.dll, AssemblyResolver.OnResolve: Microsoft.TestPlatform.Extensions.EventLogCollector: Resolving assembly.
TpTrace Information: 0 : 3748, 1, 2025/11/23, 09:48:14.817, 268087912264, vstest.console.dll, AssemblyResolver.OnResolve: Microsoft.TestPlatform.Extensions.EventLogCollector: Searching in: '/usr/share/dotnet/sdk/10.0.100/Extensions'.
TpTrace Information: 0 : 3748, 1, 2025/11/23, 09:48:14.817, 268088037117, vstest.console.dll, AssemblyResolver.OnResolve: Microsoft.TestPlatform.Extensions.EventLogCollector: Loading assembly '/usr/share/dotnet/sdk/10.0.100/Extensions/Microsoft.TestPlatform.Extensions.EventLogCollector.dll'.
TpTrace Information: 0 : 3748, 1, 2025/11/23, 09:48:14.817, 268088156418, vstest.console.dll, AssemblyResolver.OnResolve: Resolved assembly: Microsoft.TestPlatform.Extensions.EventLogCollector, from path: /usr/share/dotnet/sdk/10.0.100/Extensions/Microsoft.TestPlatform.Extensions.EventLogCollector.dll
TpTrace Verbose: 0 : 3748, 1, 2025/11/23, 09:48:14.817, 268088191537, vstest.console.dll, MetadataReaderExtensionsHelper: Discovering extensions inside assembly 'Microsoft.TestPlatform.Extensions.EventLogCollector, Version=15.0.0.0, Culture=neutral, PublicKeyToken=b03f5f7f11d50a3a' file path '/usr/share/dotnet/sdk/10.0.100/Extensions/Microsoft.TestPlatform.Extensions.EventLogCollector.dll'
TpTrace Information: 0 : 3748, 1, 2025/11/23, 09:48:14.819, 268089400936, vstest.console.dll, AssemblyResolver.OnResolve: Microsoft.VisualStudio.TestPlatform.Extensions.Trx.TestLogger: Resolving assembly.
TpTrace Information: 0 : 3748, 1, 2025/11/23, 09:48:14.819, 268089452137, vstest.console.dll, AssemblyResolver.OnResolve: Microsoft.VisualStudio.TestPlatform.Extensions.Trx.TestLogger: Searching in: '/usr/share/dotnet/sdk/10.0.100/Extensions'.
TpTrace Information: 0 : 3748, 1, 2025/11/23, 09:48:14.819, 268089569357, vstest.console.dll, AssemblyResolver.OnResolve: Microsoft.VisualStudio.TestPlatform.Extensions.Trx.TestLogger: Loading assembly '/usr/share/dotnet/sdk/10.0.100/Extensions/Microsoft.VisualStudio.TestPlatform.Extensions.Trx.TestLogger.dll'.
TpTrace Information: 0 : 3748, 1, 2025/11/23, 09:48:14.819, 268089752033, vstest.console.dll, AssemblyResolver.OnResolve: Resolved assembly: Microsoft.VisualStudio.TestPlatform.Extensions.Trx.TestLogger, from path: /usr/share/dotnet/sdk/10.0.100/Extensions/Microsoft.VisualStudio.TestPlatform.Extensions.Trx.TestLogger.dll
TpTrace Verbose: 0 : 3748, 1, 2025/11/23, 09:48:14.819, 268089798194, vstest.console.dll, MetadataReaderExtensionsHelper: Discovering extensions inside assembly 'Microsoft.VisualStudio.TestPlatform.Extensions.Trx.TestLogger, Version=15.0.0.0, Culture=neutral, PublicKeyToken=b03f5f7f11d50a3a' file path '/usr/share/dotnet/sdk/10.0.100/Extensions/Microsoft.VisualStudio.TestPlatform.Extensions.Trx.TestLogger.dll'
TpTrace Verbose: 0 : 3748, 1, 2025/11/23, 09:48:14.820, 268090555905, vstest.console.dll, TestPluginCache: Discovered the extensions using extension path ''.
TpTrace Verbose: 0 : 3748, 1, 2025/11/23, 09:48:14.820, 268090610903, vstest.console.dll, TestPluginCache: Discoverers are ''.
TpTrace Verbose: 0 : 3748, 1, 2025/11/23, 09:48:14.820, 268090624007, vstest.console.dll, TestPluginCache: Executors are ''.
TpTrace Verbose: 0 : 3748, 1, 2025/11/23, 09:48:14.820, 268090634556, vstest.console.dll, TestPluginCache: Executors2 are ''.
TpTrace Verbose: 0 : 3748, 1, 2025/11/23, 09:48:14.820, 268090645030, vstest.console.dll, TestPluginCache: Setting providers are ''.
TpTrace Verbose: 0 : 3748, 1, 2025/11/23, 09:48:14.820, 268090663447, vstest.console.dll, TestPluginCache: Loggers are ''.
TpTrace Verbose: 0 : 3748, 1, 2025/11/23, 09:48:14.820, 268090840112, vstest.console.dll, TestPluginCache: TestHosts are 'HostProvider://DefaultTestHost,HostProvider://DotnetTestHost'.
TpTrace Verbose: 0 : 3748, 1, 2025/11/23, 09:48:14.820, 268090861573, vstest.console.dll, TestPluginCache: DataCollectors are ''.
TpTrace Information: 0 : 3748, 1, 2025/11/23, 09:48:14.831, 268101403445, vstest.console.dll, RunTestsArgumentProcessor:Execute: Test run is starting.
TpTrace Verbose: 0 : 3748, 1, 2025/11/23, 09:48:14.831, 268101447507, vstest.console.dll, RunTestsArgumentProcessor:Execute: Queuing Test run.
TpTrace Information: 0 : 3748, 1, 2025/11/23, 09:48:14.831, 268101651894, vstest.console.dll, TestRequestManager.RunTests: run tests started.
TpTrace Information: 0 : 3748, 1, 2025/11/23, 09:48:14.832, 268102749406, vstest.console.dll, AssemblyMetadataProvider.GetFrameworkName: Determined framework:'.NETCoreApp,Version=v10.0' for source: '/home/runner/work/algorithms/algorithms/Tests/bin/Debug/net10.0/Tests.dll'
TpTrace Information: 0 : 3748, 1, 2025/11/23, 09:48:14.832, 268102891981, vstest.console.dll, Determined framework for all sources: .NETCoreApp,Version=v10.0
TpTrace Verbose: 0 : 3748, 1, 2025/11/23, 09:48:14.833, 268104094192, vstest.console.dll, TestRequestManager.UpdateRunSettingsIfRequired: Default architecture: X64 IsDefaultTargetArchitecture: True, Current process architecture: X64 OperatingSystem: Unix.
TpTrace Information: 0 : 3748, 1, 2025/11/23, 09:48:14.835, 268105344901, vstest.console.dll, AssemblyMetadataProvider.GetArchitecture: Determined architecture:AnyCPU info for assembly: /home/runner/work/algorithms/algorithms/Tests/bin/Debug/net10.0/Tests.dll
TpTrace Information: 0 : 3748, 1, 2025/11/23, 09:48:14.835, 268105385200, vstest.console.dll, Determined platform for source '/home/runner/work/algorithms/algorithms/Tests/bin/Debug/net10.0/Tests.dll' was AnyCPU and it will use the default plaform X64.
TpTrace Information: 0 : 3748, 1, 2025/11/23, 09:48:14.835, 268105398241, vstest.console.dll, None of the sources provided any runnable platform, using the default platform: X64
TpTrace Information: 0 : 3748, 1, 2025/11/23, 09:48:14.835, 268105527124, vstest.console.dll, Platform was updated to 'X64'.
TpTrace Information: 0 : 3748, 1, 2025/11/23, 09:48:14.836, 268107173112, vstest.console.dll, Compatible sources list: 
TpTrace Information: 0 : 3748, 1, 2025/11/23, 09:48:14.836, 268107223562, vstest.console.dll, /home/runner/work/algorithms/algorithms/Tests/bin/Debug/net10.0/Tests.dll
TpTrace Information: 0 : 3748, 1, 2025/11/23, 09:48:14.839, 268109471967, vstest.console.dll, InferRunSettingsHelper.IsTestSettingsEnabled: Unable to navigate to RunSettings/MSTest. Current node: RunSettings
TpTrace Information: 0 : 3748, 1, 2025/11/23, 09:48:14.839, 268110023565, vstest.console.dll, AssemblyResolver.OnResolve: Microsoft.VisualStudio.TestPlatform.Fakes: Resolving assembly.
TpTrace Information: 0 : 3748, 1, 2025/11/23, 09:48:14.839, 268110069348, vstest.console.dll, AssemblyResolver.OnResolve: Microsoft.VisualStudio.TestPlatform.Fakes: Searching in: '/usr/share/dotnet/sdk/10.0.100/Extensions'.
TpTrace Information: 0 : 3748, 1, 2025/11/23, 09:48:14.839, 268110087171, vstest.console.dll, AssemblyResolver.OnResolve: Microsoft.VisualStudio.TestPlatform.Fakes: Assembly path does not exist: '/usr/share/dotnet/sdk/10.0.100/Extensions/Microsoft.VisualStudio.TestPlatform.Fakes.dll', returning.
TpTrace Information: 0 : 3748, 1, 2025/11/23, 09:48:14.839, 268110103761, vstest.console.dll, AssemblyResolver.OnResolve: Microsoft.VisualStudio.TestPlatform.Fakes: Assembly path does not exist: '/usr/share/dotnet/sdk/10.0.100/Extensions/Microsoft.VisualStudio.TestPlatform.Fakes.exe', returning.
TpTrace Information: 0 : 3748, 1, 2025/11/23, 09:48:14.839, 268110118657, vstest.console.dll, AssemblyResolver.OnResolve: Microsoft.VisualStudio.TestPlatform.Fakes: Searching in: '/usr/share/dotnet/sdk/10.0.100'.
TpTrace Information: 0 : 3748, 1, 2025/11/23, 09:48:14.839, 268110138812, vstest.console.dll, AssemblyResolver.OnResolve: Microsoft.VisualStudio.TestPlatform.Fakes: Assembly path does not exist: '/usr/share/dotnet/sdk/10.0.100/Microsoft.VisualStudio.TestPlatform.Fakes.dll', returning.
TpTrace Information: 0 : 3748, 1, 2025/11/23, 09:48:14.839, 268110155046, vstest.console.dll, AssemblyResolver.OnResolve: Microsoft.VisualStudio.TestPlatform.Fakes: Assembly path does not exist: '/usr/share/dotnet/sdk/10.0.100/Microsoft.VisualStudio.TestPlatform.Fakes.exe', returning.
TpTrace Information: 0 : 3748, 1, 2025/11/23, 09:48:14.839, 268110168220, vstest.console.dll, AssemblyResolver.OnResolve: Microsoft.VisualStudio.TestPlatform.Fakes: Failed to load assembly.
TpTrace Information: 0 : 3748, 1, 2025/11/23, 09:48:14.840, 268110391277, vstest.console.dll, Failed to load assembly Microsoft.VisualStudio.TestPlatform.Fakes, Version=18.0.0.0, Culture=neutral. Reason:System.IO.FileNotFoundException: Could not load file or assembly 'Microsoft.VisualStudio.TestPlatform.Fakes, Version=18.0.0.0, Culture=neutral, PublicKeyToken=null'. The system cannot find the file specified.

File name: 'Microsoft.VisualStudio.TestPlatform.Fakes, Version=18.0.0.0, Culture=neutral, PublicKeyToken=null'
   at System.Reflection.RuntimeAssembly.InternalLoad(AssemblyName assemblyName, StackCrawlMark& stackMark, AssemblyLoadContext assemblyLoadContext, RuntimeAssembly requestingAssembly, Boolean throwOnFileNotFound)
   at System.Reflection.Assembly.Load(AssemblyName assemblyRef)
   at Microsoft.VisualStudio.TestPlatform.Common.Utilities.FakesUtilities.LoadTestPlatformAssembly() in /_/src/vstest/src/Microsoft.TestPlatform.Common/Utilities/FakesUtilities.cs:line 200
TpTrace Verbose: 0 : 3748, 1, 2025/11/23, 09:48:14.841, 268111479525, vstest.console.dll, TestPluginCache: Update extensions started. Skip filter = False
TpTrace Verbose: 0 : 3748, 1, 2025/11/23, 09:48:14.841, 268112050309, vstest.console.dll, TestPluginCache: Using directories for assembly resolution '/home/runner/.nuget/packages/coverlet.collector/6.0.4/build/netstandard2.0'.
TpTrace Verbose: 0 : 3748, 1, 2025/11/23, 09:48:14.841, 268112093677, vstest.console.dll, TestPluginCache: Updated the available extensions to '/home/runner/.nuget/packages/coverlet.collector/6.0.4/build/netstandard2.0/coverlet.collector.dll'.
TpTrace Verbose: 0 : 3748, 1, 2025/11/23, 09:48:14.849, 268119880595, vstest.console.dll, TestEngine: Initializing Parallel Execution as MaxCpuCount is set to: 1
TpTrace Information: 0 : 3748, 1, 2025/11/23, 09:48:14.850, 268120864586, vstest.console.dll, TestPluginManager.CreateTestExtension: Attempting to load test extension: Microsoft.VisualStudio.TestPlatform.CrossPlatEngine.Hosting.DefaultTestHostManager
TpTrace Information: 0 : 3748, 1, 2025/11/23, 09:48:14.850, 268121185181, vstest.console.dll, TestPluginManager.CreateTestExtension: Attempting to load test extension: Microsoft.VisualStudio.TestPlatform.CrossPlatEngine.Hosting.DotnetTestHostManager
TpTrace Verbose: 0 : 3748, 1, 2025/11/23, 09:48:14.851, 268121399875, vstest.console.dll, TestHostManagerCallbacks.ctor: Forwarding output is enabled.
TpTrace Information: 0 : 3748, 1, 2025/11/23, 09:48:14.851, 268121786253, vstest.console.dll, InferRunSettingsHelper.IsTestSettingsEnabled: Unable to navigate to RunSettings/MSTest. Current node: RunSettings
TpTrace Verbose: 0 : 3748, 1, 2025/11/23, 09:48:14.852, 268122946412, vstest.console.dll, ParallelOperationManager.ClearSlots: Clearing all slots. Slots should accept more work: True
TpTrace Verbose: 0 : 3748, 1, 2025/11/23, 09:48:14.854, 268124491447, vstest.console.dll, ParallelOperationManager.SetOccupiedSlotCount: Setting slot counts AvailableSlotCount = 1, OccupiedSlotCount = 0.
TpTrace Verbose: 0 : 3748, 1, 2025/11/23, 09:48:14.854, 268124860626, vstest.console.dll, Occupied slots:

TpTrace Verbose: 0 : 3748, 1, 2025/11/23, 09:48:14.857, 268128022944, vstest.console.dll, TestEngine.GetExecutionManager: Chosen execution manager 'Microsoft.VisualStudio.TestPlatform.CrossPlatEngine.Client.Parallel.ParallelProxyExecutionManager, Microsoft.TestPlatform.CrossPlatEngine, Version=15.0.0.0, Culture=neutral, PublicKeyToken=b03f5f7f11d50a3a' ParallelLevel '1'.
TpTrace Verbose: 0 : 3748, 1, 2025/11/23, 09:48:14.857, 268128170408, vstest.console.dll, TestPlatform.GetSkipDefaultAdapters: Not skipping default adapters SkipDefaultAdapters was false.
TpTrace Verbose: 0 : 3748, 1, 2025/11/23, 09:48:14.857, 268128276796, vstest.console.dll, TestRunRequest.ExecuteAsync: Creating test run request.
TpTrace Verbose: 0 : 3748, 1, 2025/11/23, 09:48:14.858, 268128742059, vstest.console.dll, TestRunRequest.ExecuteAsync: Starting.
TpTrace Information: 0 : 3748, 1, 2025/11/23, 09:48:14.859, 268129800003, vstest.console.dll, TestRunRequest.ExecuteAsync: Starting run with settings:TestRunCriteria:
   KeepAlive=False,FrequencyOfRunStatsChangeEvent=10,RunStatsChangeEventTimeout=00:00:01.5000000,TestCaseFilter=,TestExecutorLauncher=
   Settingsxml=<RunSettings>
  <RunConfiguration>
    <ResultsDirectory>/home/runner/work/algorithms/algorithms/Tests/TestResults</ResultsDirectory>
    <TargetPlatform>X64</TargetPlatform>
    <TargetFrameworkVersion>.NETCoreApp,Version=v10.0</TargetFrameworkVersion>
    <TestAdaptersPaths>/home/runner/.nuget/packages/coverlet.collector/6.0.4/build/netstandard2.0/</TestAdaptersPaths>
    <DesignMode>False</DesignMode>
    <CollectSourceInformation>False</CollectSourceInformation>
  </RunConfiguration>
  <LoggerRunSettings>
    <Loggers>
      <Logger friendlyName="Console" assemblyQualifiedName="Microsoft.VisualStudio.TestPlatform.CommandLine.Internal.ConsoleLogger, vstest.console, Version=15.0.0.0, Culture=neutral, PublicKeyToken=b03f5f7f11d50a3a" codeBase="/usr/share/dotnet/sdk/10.0.100/vstest.console.dll" enabled="True">
        <Configuration>
          <Verbosity>minimal</Verbosity>
        </Configuration>
      </Logger>
    </Loggers>
  </LoggerRunSettings>
</RunSettings>

TpTrace Verbose: 0 : 3748, 1, 2025/11/23, 09:48:14.859, 268129840565, vstest.console.dll, TestRunRequest.ExecuteAsync: Wait for the first run request is over.
TpTrace Verbose: 0 : 3748, 1, 2025/11/23, 09:48:14.859, 268130136932, vstest.console.dll, MulticastDelegateUtilities.SafeInvoke: TestRun.TestRunStart: Invoking callbacks was skipped because there are no subscribers.
TpTrace Verbose: 0 : 3748, 4, 2025/11/23, 09:48:14.860, 268130456618, vstest.console.dll, MulticastDelegateUtilities.SafeInvoke: InternalTestLoggerEvents.SendTestRunStart: Invoking callback 1/1 for Microsoft.VisualStudio.TestPlatform.CommandLine.Internal.ConsoleLogger., took 0 ms.
TpTrace Verbose: 0 : 3748, 1, 2025/11/23, 09:48:14.860, 268131235597, vstest.console.dll, ParallelProxyExecutionManager: Start execution. Total sources: 1
TpTrace Verbose: 0 : 3748, 1, 2025/11/23, 09:48:14.861, 268131560208, vstest.console.dll, ParallelOperationManager.StartWork: Starting adding 1 workloads.
TpTrace Verbose: 0 : 3748, 1, 2025/11/23, 09:48:14.861, 268131609827, vstest.console.dll, ParallelOperationManager.ClearSlots: Clearing all slots. Slots should accept more work: True
TpTrace Verbose: 0 : 3748, 1, 2025/11/23, 09:48:14.861, 268131708026, vstest.console.dll, ParallelOperationManager.SetOccupiedSlotCount: Setting slot counts AvailableSlotCount = 1, OccupiedSlotCount = 0.
TpTrace Verbose: 0 : 3748, 1, 2025/11/23, 09:48:14.861, 268131745003, vstest.console.dll, Occupied slots:

TpTrace Verbose: 0 : 3748, 1, 2025/11/23, 09:48:14.862, 268132875023, vstest.console.dll, TestHostManagerCallbacks.ctor: Forwarding output is enabled.
TpTrace Verbose: 0 : 3748, 1, 2025/11/23, 09:48:14.862, 268133120094, vstest.console.dll, TestRequestSender is acting as server.
TpTrace Verbose: 0 : 3748, 1, 2025/11/23, 09:48:14.863, 268133366179, vstest.console.dll, ParallelOperationManager.RunWorkInParallel: Adding 1 workload to slot, remaining workloads 0.
TpTrace Verbose: 0 : 3748, 1, 2025/11/23, 09:48:14.863, 268133405754, vstest.console.dll, ParallelOperationManager.SetOccupiedSlotCount: Setting slot counts AvailableSlotCount = 0, OccupiedSlotCount = 1.
TpTrace Verbose: 0 : 3748, 1, 2025/11/23, 09:48:14.863, 268133523361, vstest.console.dll, Occupied slots:
0: /home/runner/work/algorithms/algorithms/Tests/bin/Debug/net10.0/Tests.dll
TpTrace Verbose: 0 : 3748, 1, 2025/11/23, 09:48:14.864, 268134608802, vstest.console.dll, ParallelOperationManager.RunWorkInParallel: Started host in slot number 0 for work (source): /home/runner/work/algorithms/algorithms/Tests/bin/Debug/net10.0/Tests.dll.
TpTrace Verbose: 0 : 3748, 1, 2025/11/23, 09:48:14.865, 268135776531, vstest.console.dll, ParallelOperationManager.RunWorkInParallel: We started 1 work items, which is the max parallel level. Won't start more work.
TpTrace Verbose: 0 : 3748, 1, 2025/11/23, 09:48:14.865, 268135821536, vstest.console.dll, ParallelOperationManager.RunWorkInParallel: We started 1 work items in here, returning True.
TpTrace Information: 0 : 3748, 1, 2025/11/23, 09:48:14.865, 268135838987, vstest.console.dll, TestRunRequest.ExecuteAsync: Started.
TpTrace Verbose: 0 : 3748, 5, 2025/11/23, 09:48:14.865, 268135843517, vstest.console.dll, ParallelProxyExecutionManager.StartTestRunOnConcurrentManager: Initializing uninitialized client. Started clients: 0
TpTrace Verbose: 0 : 3748, 5, 2025/11/23, 09:48:14.865, 268135880730, vstest.console.dll, ParallelProxyExecutionManager.StartTestRunOnConcurrentManager: Initializing test run. Started clients: 0
TpTrace Verbose: 0 : 3748, 5, 2025/11/23, 09:48:14.865, 268135944643, vstest.console.dll, ProxyExecutionManager: Test host is always Lazy initialize.
TpTrace Verbose: 0 : 3748, 5, 2025/11/23, 09:48:14.865, 268136258194, vstest.console.dll, TestRequestSender.InitializeCommunication: initialize communication. 
TpTrace Verbose: 0 : 3748, 1, 2025/11/23, 09:48:14.866, 268136628657, vstest.console.dll, TestRunRequest.WaitForCompletion: Waiting with timeout -1.
TpTrace Information: 0 : 3748, 5, 2025/11/23, 09:48:14.876, 268147240359, vstest.console.dll, SocketServer.Start: Listening on endpoint : 127.0.0.1:38251
TpTrace Verbose: 0 : 3748, 5, 2025/11/23, 09:48:14.880, 268150699524, vstest.console.dll, DotnetTestHostmanager.GetTestHostProcessStartInfo: Platform environment 'X64' target architecture 'X64' framework '.NETCoreApp,Version=v10.0' OS 'Unix'
TpTrace Verbose: 0 : 3748, 5, 2025/11/23, 09:48:14.880, 268150783197, vstest.console.dll, DotnetTestHostmanager.LaunchTestHostAsync: VSTEST_DOTNET_ROOT_PATH=/usr/share/dotnet
TpTrace Verbose: 0 : 3748, 5, 2025/11/23, 09:48:14.880, 268150796448, vstest.console.dll, DotnetTestHostmanager.LaunchTestHostAsync: VSTEST_DOTNET_ROOT_ARCHITECTURE=X64
TpTrace Verbose: 0 : 3748, 5, 2025/11/23, 09:48:14.880, 268150861663, vstest.console.dll, DotnetTestHostManager.SetDotnetRootForArchitecture: Adding DOTNET_ROOT_X64=/usr/share/dotnet to testhost start info.
TpTrace Verbose: 0 : 3748, 5, 2025/11/23, 09:48:14.880, 268150945618, vstest.console.dll, DotnetTestHostmanager: Adding  --runtimeconfig "/home/runner/work/algorithms/algorithms/Tests/bin/Debug/net10.0/Tests.runtimeconfig.json" in args
TpTrace Verbose: 0 : 3748, 5, 2025/11/23, 09:48:14.880, 268150958786, vstest.console.dll, DotnetTestHostmanager: Adding  --depsfile "/home/runner/work/algorithms/algorithms/Tests/bin/Debug/net10.0/Tests.deps.json" in args
TpTrace Information: 0 : 3748, 5, 2025/11/23, 09:48:14.880, 268151023694, vstest.console.dll, AssemblyResolver.OnResolve: Microsoft.Extensions.DependencyModel: Resolving assembly.
TpTrace Information: 0 : 3748, 5, 2025/11/23, 09:48:14.880, 268151049913, vstest.console.dll, AssemblyResolver.OnResolve: Microsoft.Extensions.DependencyModel: Searching in: '/usr/share/dotnet/sdk/10.0.100/Extensions'.
TpTrace Information: 0 : 3748, 5, 2025/11/23, 09:48:14.880, 268151062140, vstest.console.dll, AssemblyResolver.OnResolve: Microsoft.Extensions.DependencyModel: Assembly path does not exist: '/usr/share/dotnet/sdk/10.0.100/Extensions/Microsoft.Extensions.DependencyModel.dll', returning.
TpTrace Information: 0 : 3748, 5, 2025/11/23, 09:48:14.880, 268151073185, vstest.console.dll, AssemblyResolver.OnResolve: Microsoft.Extensions.DependencyModel: Assembly path does not exist: '/usr/share/dotnet/sdk/10.0.100/Extensions/Microsoft.Extensions.DependencyModel.exe', returning.
TpTrace Information: 0 : 3748, 5, 2025/11/23, 09:48:14.880, 268151080697, vstest.console.dll, AssemblyResolver.OnResolve: Microsoft.Extensions.DependencyModel: Searching in: '/usr/share/dotnet/sdk/10.0.100'.
TpTrace Information: 0 : 3748, 5, 2025/11/23, 09:48:14.880, 268151182591, vstest.console.dll, AssemblyResolver.OnResolve: Microsoft.Extensions.DependencyModel: Loading assembly '/usr/share/dotnet/sdk/10.0.100/Microsoft.Extensions.DependencyModel.dll'.
TpTrace Information: 0 : 3748, 5, 2025/11/23, 09:48:14.880, 268151323370, vstest.console.dll, AssemblyResolver.OnResolve: Resolved assembly: Microsoft.Extensions.DependencyModel, from path: /usr/share/dotnet/sdk/10.0.100/Microsoft.Extensions.DependencyModel.dll
TpTrace Verbose: 0 : 3748, 5, 2025/11/23, 09:48:14.881, 268151615046, vstest.console.dll, DotnetTestHostmanager: Runtimeconfig.dev.json /home/runner/work/algorithms/algorithms/Tests/bin/Debug/net10.0/Tests.runtimeconfig.dev.json does not exist.
TpTrace Verbose: 0 : 3748, 5, 2025/11/23, 09:48:14.881, 268151639992, vstest.console.dll, DotnetTestHostManager: Found testhost.dll in source directory: /home/runner/work/algorithms/algorithms/Tests/bin/Debug/net10.0/testhost.dll.
TpTrace Verbose: 0 : 3748, 5, 2025/11/23, 09:48:14.881, 268151669803, vstest.console.dll, DotnetTestHostmanager: Current process architetcure 'X64'
TpTrace Verbose: 0 : 3748, 5, 2025/11/23, 09:48:14.882, 268152514791, vstest.console.dll, DotnetTestHostmanager.LaunchTestHostAsync: Compatible muxer architecture of running process 'X64' and target architecture 'X64'
TpTrace Verbose: 0 : 3748, 5, 2025/11/23, 09:48:14.882, 268152550286, vstest.console.dll, DotnetTestHostmanager: Full path of testhost.dll is /home/runner/work/algorithms/algorithms/Tests/bin/Debug/net10.0/testhost.dll
TpTrace Verbose: 0 : 3748, 5, 2025/11/23, 09:48:14.882, 268152568615, vstest.console.dll, DotnetTestHostmanager: Full path of host exe is /usr/share/dotnet/dotnet
TpTrace Verbose: 0 : 3748, 5, 2025/11/23, 09:48:14.883, 268153391194, vstest.console.dll, DotnetTestHostManager: Starting process '0' with command line '1' and DOTNET environment: DOTNET_ROOT_X64=/usr/share/dotnet 
TpTrace Verbose: 0 : 3748, 5, 2025/11/23, 09:48:14.887, 268157946076, vstest.console.dll, Test Runtime launched
TpTrace Verbose: 0 : 3748, 5, 2025/11/23, 09:48:14.887, 268158072444, vstest.console.dll, MulticastDelegateUtilities.SafeInvoke: HostProviderEvents.OnHostLaunched: Invoking callback 1/1 for Microsoft.VisualStudio.TestPlatform.CrossPlatEngine.Client.ProxyOperationManager., took 0 ms.
TpTrace Verbose: 0 : 3748, 5, 2025/11/23, 09:48:14.888, 268158359592, vstest.console.dll, TestRequestSender.WaitForRequestHandlerConnection: waiting for connection with timeout: 90000.
TpTrace Verbose: 0 : 3748, 9, 2025/11/23, 09:48:14.995, 268265747049, vstest.console.dll, MulticastDelegateUtilities.SafeInvoke: SocketServer: ClientConnected: Invoking callback 1/1 for Microsoft.VisualStudio.TestPlatform.CommunicationUtilities.TestRequestSender., took 0 ms.
TpTrace Verbose: 0 : 3748, 9, 2025/11/23, 09:48:14.995, 268265825911, vstest.console.dll, SocketServer.OnClientConnected: Client connected for endPoint: 127.0.0.1:38251, starting MessageLoopAsync:
TpTrace Verbose: 0 : 3748, 9, 2025/11/23, 09:48:14.995, 268266319519, vstest.console.dll, TcpClientExtensions.MessageLoopAsync: Polling on remoteEndPoint: 127.0.0.1:39624 localEndPoint: 127.0.0.1:38251 after 0 ms
TpTrace Verbose: 0 : 3748, 5, 2025/11/23, 09:48:14.996, 268266938772, vstest.console.dll, TestRequestSender.WaitForRequestHandlerConnection: waiting took 108 ms, with timeout 90000 ms, and result 0, which is success.
TpTrace Verbose: 0 : 3748, 5, 2025/11/23, 09:48:15.025, 268295928202, vstest.console.dll, TestRequestSender.CheckVersionWithTestHost: Sending check version message: {"MessageType":"ProtocolVersion","Payload":7}
TpTrace Verbose: 0 : 3748, 9, 2025/11/23, 09:48:15.114, 268384517351, vstest.console.dll, TcpClientExtensions.MessageLoopAsync: NotifyDataAvailable remoteEndPoint: 127.0.0.1:39624 localEndPoint: 127.0.0.1:38251
TpTrace Verbose: 0 : 3748, 9, 2025/11/23, 09:48:15.114, 268384988106, vstest.console.dll, TestRequestSender.CheckVersionWithTestHost: onMessageReceived received message: (ProtocolVersion) -> {"MessageType":"ProtocolVersion","Payload":7}
TpTrace Verbose: 0 : 3748, 9, 2025/11/23, 09:48:15.119, 268389930713, vstest.console.dll, MulticastDelegateUtilities.SafeInvoke: LengthPrefixCommunicationChannel: MessageReceived: Invoking callback 1/1 for Microsoft.VisualStudio.TestPlatform.CommunicationUtilities.TestRequestSender+<>c__DisplayClass29_0., took 5 ms.
TpTrace Verbose: 0 : 3748, 9, 2025/11/23, 09:48:15.119, 268390039117, vstest.console.dll, TcpClientExtensions.MessageLoopAsync: Polling on remoteEndPoint: 127.0.0.1:39624 localEndPoint: 127.0.0.1:38251 after 123 ms
TpTrace Verbose: 0 : 3748, 9, 2025/11/23, 09:48:15.119, 268390072129, vstest.console.dll, TcpClientExtensions.MessageLoopAsync: NotifyDataAvailable remoteEndPoint: 127.0.0.1:39624 localEndPoint: 127.0.0.1:38251
TpTrace Verbose: 0 : 3748, 5, 2025/11/23, 09:48:15.119, 268390153474, vstest.console.dll, TestPluginCache.GetExtensionPaths: Filtered extension paths: 
TpTrace Verbose: 0 : 3748, 5, 2025/11/23, 09:48:15.119, 268390225006, vstest.console.dll, TestPluginCache.GetExtensionPaths: Added default extension paths: /usr/share/dotnet/sdk/10.0.100/Extensions/Microsoft.TestPlatform.Extensions.BlameDataCollector.dll
/usr/share/dotnet/sdk/10.0.100/Extensions/Microsoft.TestPlatform.TestHostRuntimeProvider.dll
/usr/share/dotnet/sdk/10.0.100/Extensions/Microsoft.VisualStudio.TestPlatform.Extensions.Html.TestLogger.dll
/usr/share/dotnet/sdk/10.0.100/Extensions/Microsoft.Diagnostics.NETCore.Client.dll
/usr/share/dotnet/sdk/10.0.100/Extensions/Microsoft.TestPlatform.Extensions.EventLogCollector.dll
/usr/share/dotnet/sdk/10.0.100/Extensions/Microsoft.VisualStudio.TestPlatform.Extensions.Trx.TestLogger.dll
TpTrace Verbose: 0 : 3748, 5, 2025/11/23, 09:48:15.119, 268390258000, vstest.console.dll, TestPluginCache.GetExtensionPaths: Added unfilterableExtensionPaths: 
TpTrace Verbose: 0 : 3748, 5, 2025/11/23, 09:48:15.122, 268393207469, vstest.console.dll, TestRequestSender.InitializeExecution: Sending initialize execution with message: {"Version":7,"MessageType":"TestExecution.Initialize","Payload":["/home/runner/work/algorithms/algorithms/Tests/bin/Debug/net10.0/xunit.runner.visualstudio.testadapter.dll"]}
TpTrace Verbose: 0 : 3748, 5, 2025/11/23, 09:48:15.123, 268393373419, vstest.console.dll, ParallelProxyExecutionManager.StartTestRunOnConcurrentManager: Execution starting. Started clients: 1
TpTrace Warning: 0 : 3748, 5, 2025/11/23, 09:48:15.123, 268393731620, vstest.console.dll, InferRunSettingsHelper.MakeRunsettingsCompatible: Removing the following settings: TargetPlatform from RunSettings file. To use those settings please move to latest version of Microsoft.NET.Test.Sdk
TpTrace Verbose: 0 : 3748, 9, 2025/11/23, 09:48:15.124, 268394515057, vstest.console.dll, TestRequestSender.OnExecutionMessageReceived: Received message: {"Version":7,"MessageType":"TestSession.Message","Payload":{"MessageLevel":0,"Message":"Logging TestHost Diagnostics in file: /home/runner/work/algorithms/algorithms/log.host.25-11-23_09-48-14_87998_5.txt"}}
TpTrace Verbose: 0 : 3748, 9, 2025/11/23, 09:48:15.128, 268398588640, vstest.console.dll, TestRunRequest:SendTestRunMessage: Starting.
TpTrace Verbose: 0 : 3748, 9, 2025/11/23, 09:48:15.128, 268398789237, vstest.console.dll, MulticastDelegateUtilities.SafeInvoke: TestRun.LogMessages: Invoking callback 1/1 for Microsoft.VisualStudio.TestPlatform.CommandLine.TestRunResultAggregator., took 0 ms.
TpTrace Information: 0 : 3748, 9, 2025/11/23, 09:48:15.128, 268398823254, vstest.console.dll, TestRunRequest:SendTestRunMessage: Completed.
TpTrace Verbose: 0 : 3748, 9, 2025/11/23, 09:48:15.128, 268398872770, vstest.console.dll, MulticastDelegateUtilities.SafeInvoke: LengthPrefixCommunicationChannel: MessageReceived: Invoking callback 1/1 for Microsoft.VisualStudio.TestPlatform.CommunicationUtilities.TestRequestSender+<>c__DisplayClass34_0., took 4 ms.
TpTrace Verbose: 0 : 3748, 9, 2025/11/23, 09:48:15.128, 268398894020, vstest.console.dll, TcpClientExtensions.MessageLoopAsync: Polling on remoteEndPoint: 127.0.0.1:39624 localEndPoint: 127.0.0.1:38251 after 8 ms
TpTrace Verbose: 0 : 3748, 4, 2025/11/23, 09:48:15.128, 268398977948, vstest.console.dll, MulticastDelegateUtilities.SafeInvoke: InternalTestLoggerEvents.SendTestRunMessage: Invoking callback 1/1 for Microsoft.VisualStudio.TestPlatform.CommandLine.Internal.ConsoleLogger., took 0 ms.
TpTrace Verbose: 0 : 3748, 5, 2025/11/23, 09:48:15.133, 268403755045, vstest.console.dll, TestRequestSender.StartTestRun: Sending test run with message: {"Version":7,"MessageType":"TestExecution.StartWithSources","Payload":{"AdapterSourceMap":{"_none_":["/home/runner/work/algorithms/algorithms/Tests/bin/Debug/net10.0/Tests.dll"]},"RunSettings":"<RunSettings>\n  <RunConfiguration>\n    <ResultsDirectory>/home/runner/work/algorithms/algorithms/Tests/TestResults</ResultsDirectory>\n    <TargetFrameworkVersion>.NETCoreApp,Version=v10.0</TargetFrameworkVersion>\n    <TestAdaptersPaths>/home/runner/.nuget/packages/coverlet.collector/6.0.4/build/netstandard2.0/</TestAdaptersPaths>\n    <DesignMode>False</DesignMode>\n    <CollectSourceInformation>False</CollectSourceInformation>\n  </RunConfiguration>\n  <LoggerRunSettings>\n    <Loggers>\n      <Logger friendlyName=\"Console\" assemblyQualifiedName=\"Microsoft.VisualStudio.TestPlatform.CommandLine.Internal.ConsoleLogger, vstest.console, Version=15.0.0.0, Culture=neutral, PublicKeyToken=b03f5f7f11d50a3a\" codeBase=\"/usr/share/dotnet/sdk/10.0.100/vstest.console.dll\" enabled=\"True\">\n        <Configuration>\n          <Verbosity>minimal</Verbosity>\n        </Configuration>\n      </Logger>\n    </Loggers>\n  </LoggerRunSettings>\n</RunSettings>","TestExecutionContext":{"FrequencyOfRunStatsChangeEvent":10,"RunStatsChangeEventTimeout":"00:00:01.5000000","InIsolation":false,"KeepAlive":false,"AreTestCaseLevelEventsRequired":false,"IsDebug":false,"TestCaseFilter":null,"FilterOptions":null},"Package":null}}
TpTrace Verbose: 0 : 3748, 5, 2025/11/23, 09:48:15.133, 268403881665, vstest.console.dll, ParallelProxyExecutionManager.StartTestRunOnConcurrentManager: Execution started. Started clients: 1
TpTrace Verbose: 0 : 3748, 9, 2025/11/23, 09:48:15.280, 268550374916, vstest.console.dll, TcpClientExtensions.MessageLoopAsync: NotifyDataAvailable remoteEndPoint: 127.0.0.1:39624 localEndPoint: 127.0.0.1:38251
TpTrace Verbose: 0 : 3748, 9, 2025/11/23, 09:48:15.280, 268550500947, vstest.console.dll, TestRequestSender.OnExecutionMessageReceived: Received message: {"Version":7,"MessageType":"TestSession.Message","Payload":{"MessageLevel":0,"Message":"[xUnit.net 00:00:00.00] xUnit.net VSTest Adapter v3.1.4+50e68bbb8b (64-bit .NET 10.0.0)"}}
TpTrace Verbose: 0 : 3748, 9, 2025/11/23, 09:48:15.280, 268550738711, vstest.console.dll, TestRunRequest:SendTestRunMessage: Starting.
TpTrace Verbose: 0 : 3748, 9, 2025/11/23, 09:48:15.280, 268550819961, vstest.console.dll, MulticastDelegateUtilities.SafeInvoke: TestRun.LogMessages: Invoking callback 1/1 for Microsoft.VisualStudio.TestPlatform.CommandLine.TestRunResultAggregator., took 0 ms.
TpTrace Information: 0 : 3748, 9, 2025/11/23, 09:48:15.280, 268550837247, vstest.console.dll, TestRunRequest:SendTestRunMessage: Completed.
TpTrace Verbose: 0 : 3748, 9, 2025/11/23, 09:48:15.280, 268550850544, vstest.console.dll, MulticastDelegateUtilities.SafeInvoke: LengthPrefixCommunicationChannel: MessageReceived: Invoking callback 1/1 for Microsoft.VisualStudio.TestPlatform.CommunicationUtilities.TestRequestSender+<>c__DisplayClass34_0., took 0 ms.
TpTrace Verbose: 0 : 3748, 9, 2025/11/23, 09:48:15.280, 268550868649, vstest.console.dll, TcpClientExtensions.MessageLoopAsync: Polling on remoteEndPoint: 127.0.0.1:39624 localEndPoint: 127.0.0.1:38251 after 151 ms
TpTrace Verbose: 0 : 3748, 4, 2025/11/23, 09:48:15.280, 268550919230, vstest.console.dll, MulticastDelegateUtilities.SafeInvoke: InternalTestLoggerEvents.SendTestRunMessage: Invoking callback 1/1 for Microsoft.VisualStudio.TestPlatform.CommandLine.Internal.ConsoleLogger., took 0 ms.
TpTrace Verbose: 0 : 3748, 9, 2025/11/23, 09:48:15.349, 268619782747, vstest.console.dll, TcpClientExtensions.MessageLoopAsync: NotifyDataAvailable remoteEndPoint: 127.0.0.1:39624 localEndPoint: 127.0.0.1:38251
TpTrace Verbose: 0 : 3748, 9, 2025/11/23, 09:48:15.349, 268619949438, vstest.console.dll, TestRequestSender.OnExecutionMessageReceived: Received message: {"Version":7,"MessageType":"TestSession.Message","Payload":{"MessageLevel":0,"Message":"[xUnit.net 00:00:00.07]   Discovering: Tests"}}
TpTrace Verbose: 0 : 3748, 9, 2025/11/23, 09:48:15.350, 268620380895, vstest.console.dll, TestRunRequest:SendTestRunMessage: Starting.
TpTrace Verbose: 0 : 3748, 9, 2025/11/23, 09:48:15.350, 268620503949, vstest.console.dll, MulticastDelegateUtilities.SafeInvoke: TestRun.LogMessages: Invoking callback 1/1 for Microsoft.VisualStudio.TestPlatform.CommandLine.TestRunResultAggregator., took 0 ms.
TpTrace Verbose: 0 : 3748, 4, 2025/11/23, 09:48:15.350, 268620517244, vstest.console.dll, MulticastDelegateUtilities.SafeInvoke: InternalTestLoggerEvents.SendTestRunMessage: Invoking callback 1/1 for Microsoft.VisualStudio.TestPlatform.CommandLine.Internal.ConsoleLogger., took 0 ms.
TpTrace Information: 0 : 3748, 9, 2025/11/23, 09:48:15.350, 268620528325, vstest.console.dll, TestRunRequest:SendTestRunMessage: Completed.
TpTrace Verbose: 0 : 3748, 9, 2025/11/23, 09:48:15.350, 268620585565, vstest.console.dll, MulticastDelegateUtilities.SafeInvoke: LengthPrefixCommunicationChannel: MessageReceived: Invoking callback 1/1 for Microsoft.VisualStudio.TestPlatform.CommunicationUtilities.TestRequestSender+<>c__DisplayClass34_0., took 0 ms.
TpTrace Verbose: 0 : 3748, 9, 2025/11/23, 09:48:15.350, 268620609477, vstest.console.dll, TcpClientExtensions.MessageLoopAsync: Polling on remoteEndPoint: 127.0.0.1:39624 localEndPoint: 127.0.0.1:38251 after 69 ms
TpTrace Verbose: 0 : 3748, 9, 2025/11/23, 09:48:15.385, 268655555254, vstest.console.dll, TcpClientExtensions.MessageLoopAsync: NotifyDataAvailable remoteEndPoint: 127.0.0.1:39624 localEndPoint: 127.0.0.1:38251
TpTrace Verbose: 0 : 3748, 9, 2025/11/23, 09:48:15.385, 268655714482, vstest.console.dll, TestRequestSender.OnExecutionMessageReceived: Received message: {"Version":7,"MessageType":"TestSession.Message","Payload":{"MessageLevel":0,"Message":"[xUnit.net 00:00:00.10]   Discovered:  Tests"}}
TpTrace Verbose: 0 : 3748, 9, 2025/11/23, 09:48:15.385, 268655885773, vstest.console.dll, TestRunRequest:SendTestRunMessage: Starting.
TpTrace Verbose: 0 : 3748, 9, 2025/11/23, 09:48:15.385, 268655973620, vstest.console.dll, MulticastDelegateUtilities.SafeInvoke: TestRun.LogMessages: Invoking callback 1/1 for Microsoft.VisualStudio.TestPlatform.CommandLine.TestRunResultAggregator., took 0 ms.
TpTrace Information: 0 : 3748, 9, 2025/11/23, 09:48:15.385, 268655996511, vstest.console.dll, TestRunRequest:SendTestRunMessage: Completed.
TpTrace Verbose: 0 : 3748, 9, 2025/11/23, 09:48:15.385, 268656053828, vstest.console.dll, MulticastDelegateUtilities.SafeInvoke: LengthPrefixCommunicationChannel: MessageReceived: Invoking callback 1/1 for Microsoft.VisualStudio.TestPlatform.CommunicationUtilities.TestRequestSender+<>c__DisplayClass34_0., took 0 ms.
TpTrace Verbose: 0 : 3748, 9, 2025/11/23, 09:48:15.385, 268656082398, vstest.console.dll, TcpClientExtensions.MessageLoopAsync: Polling on remoteEndPoint: 127.0.0.1:39624 localEndPoint: 127.0.0.1:38251 after 35 ms
TpTrace Verbose: 0 : 3748, 4, 2025/11/23, 09:48:15.385, 268656201745, vstest.console.dll, MulticastDelegateUtilities.SafeInvoke: InternalTestLoggerEvents.SendTestRunMessage: Invoking callback 1/1 for Microsoft.VisualStudio.TestPlatform.CommandLine.Internal.ConsoleLogger., took 0 ms.
TpTrace Verbose: 0 : 3748, 9, 2025/11/23, 09:48:15.407, 268678031468, vstest.console.dll, TcpClientExtensions.MessageLoopAsync: NotifyDataAvailable remoteEndPoint: 127.0.0.1:39624 localEndPoint: 127.0.0.1:38251
TpTrace Verbose: 0 : 3748, 9, 2025/11/23, 09:48:15.408, 268678386296, vstest.console.dll, TestRequestSender.OnExecutionMessageReceived: Received message: {"Version":7,"MessageType":"TestSession.Message","Payload":{"MessageLevel":0,"Message":"[xUnit.net 00:00:00.13]   Starting:    Tests"}}
TpTrace Verbose: 0 : 3748, 9, 2025/11/23, 09:48:15.408, 268678858981, vstest.console.dll, TestRunRequest:SendTestRunMessage: Starting.
TpTrace Verbose: 0 : 3748, 9, 2025/11/23, 09:48:15.408, 268678950050, vstest.console.dll, MulticastDelegateUtilities.SafeInvoke: TestRun.LogMessages: Invoking callback 1/1 for Microsoft.VisualStudio.TestPlatform.CommandLine.TestRunResultAggregator., took 0 ms.
TpTrace Information: 0 : 3748, 9, 2025/11/23, 09:48:15.408, 268678968865, vstest.console.dll, TestRunRequest:SendTestRunMessage: Completed.
TpTrace Verbose: 0 : 3748, 9, 2025/11/23, 09:48:15.408, 268678986245, vstest.console.dll, MulticastDelegateUtilities.SafeInvoke: LengthPrefixCommunicationChannel: MessageReceived: Invoking callback 1/1 for Microsoft.VisualStudio.TestPlatform.CommunicationUtilities.TestRequestSender+<>c__DisplayClass34_0., took 0 ms.
TpTrace Verbose: 0 : 3748, 4, 2025/11/23, 09:48:15.408, 268679113790, vstest.console.dll, MulticastDelegateUtilities.SafeInvoke: InternalTestLoggerEvents.SendTestRunMessage: Invoking callback 1/1 for Microsoft.VisualStudio.TestPlatform.CommandLine.Internal.ConsoleLogger., took 0 ms.
TpTrace Verbose: 0 : 3748, 9, 2025/11/23, 09:48:15.410, 268680461346, vstest.console.dll, TcpClientExtensions.MessageLoopAsync: Polling on remoteEndPoint: 127.0.0.1:39624 localEndPoint: 127.0.0.1:38251 after 24 ms
TpTrace Verbose: 0 : 3748, 9, 2025/11/23, 09:48:15.521, 268792057374, vstest.console.dll, TcpClientExtensions.MessageLoopAsync: NotifyDataAvailable remoteEndPoint: 127.0.0.1:39624 localEndPoint: 127.0.0.1:38251
TpTrace Verbose: 0 : 3748, 9, 2025/11/23, 09:48:15.522, 268792487330, vstest.console.dll, TestRequestSender.OnExecutionMessageReceived: Received message: {"Version":7,"MessageType":"TestExecution.StatsChange","Payload":{"NewTestResults":[{"TestCase":{"Id":"c4ed06b0-8d77-be74-99ee-6e8d685b1e98","FullyQualifiedName":"SortingExtraTests.HeapSort_SortsArray","DisplayName":"SortingExtraTests.HeapSort_SortsArray","ExecutorUri":"executor://xunit/VsTestRunner3/netcore/","Source":"/home/runner/work/algorithms/algorithms/Tests/bin/Debug/net10.0/Tests.dll","CodeFilePath":null,"LineNumber":0,"Properties":[{"Key":{"Id":"XunitTestCaseUniqueID","Label":"xUnit.net Test Case Unique ID","Category":"","Description":"","Attributes":0,"ValueType":"System.String"},"Value":"1aa1901e5755d1c06eae94ab2ae169ecd124ee5c"},{"Key":{"Id":"TestCase.ManagedType","Label":"ManagedType","Category":"","Description":"","Attributes":1,"ValueType":"System.String"},"Value":"SortingExtraTests"},{"Key":{"Id":"XunitTestCaseExplicit","Label":"xUnit.net Test Case Explicit Flag","Category":"","Description":"","Attributes":0,"ValueType":"System.Boolean"},"Value":false},{"Key":{"Id":"TestCase.ManagedMethod","Label":"ManagedMethod","Category":"","Description":"","Attributes":1,"ValueType":"System.String"},"Value":"HeapSort_SortsArray"}]},"Attachments":[],"Outcome":1,"ErrorMessage":null,"ErrorStackTrace":null,"DisplayName":"SortingExtraTests.HeapSort_SortsArray","Messages":[],"ComputerName":"runnervmg1sw1","Duration":"00:00:00.0164832","StartTime":"2025-11-23T09:48:15.4342209+00:00","EndTime":"2025-11-23T09:48:15.4598425+00:00","Properties":[]},{"TestCase":{"Id":"4c4b25c2-e53e-ff6f-1f4e-bcf52b2b3529","FullyQualifiedName":"SortingExtraTests.MergeSort_SortsArray","DisplayName":"SortingExtraTests.MergeSort_SortsArray","ExecutorUri":"executor://xunit/VsTestRunner3/netcore/","Source":"/home/runner/work/algorithms/algorithms/Tests/bin/Debug/net10.0/Tests.dll","CodeFilePath":null,"LineNumber":0,"Properties":[{"Key":{"Id":"XunitTestCaseUniqueID","Label":"xUnit.net Test Case Unique ID","Category":"","Description":"","Attributes":0,"ValueType":"System.String"},"Value":"537ab2156b2f4a4524493f720f14795fd20177f0"},{"Key":{"Id":"TestCase.ManagedType","Label":"ManagedType","Category":"","Description":"","Attributes":1,"ValueType":"System.String"},"Value":"SortingExtraTests"},{"Key":{"Id":"XunitTestCaseExplicit","Label":"xUnit.net Test Case Explicit Flag","Category":"","Description":"","Attributes":0,"ValueType":"System.Boolean"},"Value":false},{"Key":{"Id":"TestCase.ManagedMethod","Label":"ManagedMethod","Category":"","Description":"","Attributes":1,"ValueType":"System.String"},"Value":"MergeSort_SortsArray"}]},"Attachments":[],"Outcome":1,"ErrorMessage":null,"ErrorStackTrace":null,"DisplayName":"SortingExtraTests.MergeSort_SortsArray","Messages":[],"ComputerName":"runnervmg1sw1","Duration":"00:00:00.0006820","StartTime":"2025-11-23T09:48:15.4736294+00:00","EndTime":"2025-11-23T09:48:15.4738046+00:00","Properties":[]},{"TestCase":{"Id":"95ef0ad6-a473-dc20-ff23-830272bf28e8","FullyQualifiedName":"GraphTests.BFSTraversal_Works","DisplayName":"GraphTests.BFSTraversal_Works","ExecutorUri":"executor://xunit/VsTestRunner3/netcore/","Source":"/home/runner/work/algorithms/algorithms/Tests/bin/Debug/net10.0/Tests.dll","CodeFilePath":null,"LineNumber":0,"Properties":[{"Key":{"Id":"XunitTestCaseUniqueID","Label":"xUnit.net Test Case Unique ID","Category":"","Description":"","Attributes":0,"ValueType":"System.String"},"Value":"2c56fc3d267d83e0aa12369deed8adfbfc2bee00"},{"Key":{"Id":"TestCase.ManagedType","Label":"ManagedType","Category":"","Description":"","Attributes":1,"ValueType":"System.String"},"Value":"GraphTests"},{"Key":{"Id":"XunitTestCaseExplicit","Label":"xUnit.net Test Case Explicit Flag","Category":"","Description":"","Attributes":0,"ValueType":"System.Boolean"},"Value":false},{"Key":{"Id":"TestCase.ManagedMethod","Label":"ManagedMethod","Category":"","Description":"","Attributes":1,"ValueType":"System.String"},"Value":"BFSTraversal_Works"}]},"Attachments":[],"Outcome":1,"ErrorMessage":null,"ErrorStackTrace":null,"DisplayName":"GraphTests.BFSTraversal_Works","Messages":[],"ComputerName":"runnervmg1sw1","Duration":"00:00:00.0029090","StartTime":"2025-11-23T09:48:15.4768132+00:00","EndTime":"2025-11-23T09:48:15.4769544+00:00","Properties":[]},{"TestCase":{"Id":"fc6f47f2-3e21-114f-1953-97ec5543d2d7","FullyQualifiedName":"GraphTests.DFSTraversal_Works","DisplayName":"GraphTests.DFSTraversal_Works","ExecutorUri":"executor://xunit/VsTestRunner3/netcore/","Source":"/home/runner/work/algorithms/algorithms/Tests/bin/Debug/net10.0/Tests.dll","CodeFilePath":null,"LineNumber":0,"Properties":[{"Key":{"Id":"XunitTestCaseUniqueID","Label":"xUnit.net Test Case Unique ID","Category":"","Description":"","Attributes":0,"ValueType":"System.String"},"Value":"5e0257186b9ae7e2ac239118dd979387511ffc70"},{"Key":{"Id":"TestCase.ManagedType","Label":"ManagedType","Category":"","Description":"","Attributes":1,"ValueType":"System.String"},"Value":"GraphTests"},{"Key":{"Id":"XunitTestCaseExplicit","Label":"xUnit.net Test Case Explicit Flag","Category":"","Description":"","Attributes":0,"ValueType":"System.Boolean"},"Value":false},{"Key":{"Id":"TestCase.ManagedMethod","Label":"ManagedMethod","Category":"","Description":"","Attributes":1,"ValueType":"System.String"},"Value":"DFSTraversal_Works"}]},"Attachments":[],"Outcome":1,"ErrorMessage":null,"ErrorStackTrace":null,"DisplayName":"GraphTests.DFSTraversal_Works","Messages":[],"ComputerName":"runnervmg1sw1","Duration":"00:00:00.0014349","StartTime":"2025-11-23T09:48:15.4772927+00:00","EndTime":"2025-11-23T09:48:15.4773784+00:00","Properties":[]},{"TestCase":{"Id":"1b6bad76-c9ec-fe0c-29ef-8b960f4d8b88","FullyQualifiedName":"SearchTests.LinearSearch_FindsElement","DisplayName":"SearchTests.LinearSearch_FindsElement","ExecutorUri":"executor://xunit/VsTestRunner3/netcore/","Source":"/home/runner/work/algorithms/algorithms/Tests/bin/Debug/net10.0/Tests.dll","CodeFilePath":null,"LineNumber":0,"Properties":[{"Key":{"Id":"XunitTestCaseUniqueID","Label":"xUnit.net Test Case Unique ID","Category":"","Description":"","Attributes":0,"ValueType":"System.String"},"Value":"041b98027df2c4e6df518dc483e823a2c8e16955"},{"Key":{"Id":"TestCase.ManagedType","Label":"ManagedType","Category":"","Description":"","Attributes":1,"ValueType":"System.String"},"Value":"SearchTests"},{"Key":{"Id":"XunitTestCaseExplicit","Label":"xUnit.net Test Case Explicit Flag","Category":"","Description":"","Attributes":0,"ValueType":"System.Boolean"},"Value":false},{"Key":{"Id":"TestCase.ManagedMethod","Label":"ManagedMethod","Category":"","Description":"","Attributes":1,"ValueType":"System.String"},"Value":"LinearSearch_FindsElement"}]},"Attachments":[],"Outcome":1,"ErrorMessage":null,"ErrorStackTrace":null,"DisplayName":"SearchTests.LinearSearch_FindsElement","Messages":[],"ComputerName":"runnervmg1sw1","Duration":"00:00:00.0003797","StartTime":"2025-11-23T09:48:15.4778788+00:00","EndTime":"2025-11-23T09:48:15.4779545+00:00","Properties":[]},{"TestCase":{"Id":"1afc6545-64b6-70f4-b546-8b0a78122546","FullyQualifiedName":"SearchTests.BinarySearch_FindsElement","DisplayName":"SearchTests.BinarySearch_FindsElement","ExecutorUri":"executor://xunit/VsTestRunner3/netcore/","Source":"/home/runner/work/algorithms/algorithms/Tests/bin/Debug/net10.0/Tests.dll","CodeFilePath":null,"LineNumber":0,"Properties":[{"Key":{"Id":"XunitTestCaseUniqueID","Label":"xUnit.net Test Case Unique ID","Category":"","Description":"","Attributes":0,"ValueType":"System.String"},"Value":"1d309b95dd19d1f00fd0b9e42efaf64c44eb9cbf"},{"Key":{"Id":"TestCase.ManagedType","Label":"ManagedType","Category":"","Description":"","Attributes":1,"ValueType":"System.String"},"Value":"SearchTests"},{"Key":{"Id":"XunitTestCaseExplicit","Label":"xUnit.net Test Case Explicit Flag","Category":"","Description":"","Attributes":0,"ValueType":"System.Boolean"},"Value":false},{"Key":{"Id":"TestCase.ManagedMethod","Label":"ManagedMethod","Category":"","Description":"","Attributes":1,"ValueType":"System.String"},"Value":"BinarySearch_FindsElement"}]},"Attachments":[],"Outcome":1,"ErrorMessage":null,"ErrorStackTrace":null,"DisplayName":"SearchTests.BinarySearch_FindsElement","Messages":[],"ComputerName":"runnervmg1sw1","Duration":"00:00:00.0002995","StartTime":"2025-11-23T09:48:15.4782998+00:00","EndTime":"2025-11-23T09:48:15.478383+00:00","Properties":[]},{"TestCase":{"Id":"fcf64c3a-833a-8d0d-22c3-add2c1ec61bc","FullyQualifiedName":"CollectionsTests.IsBalanced_Works","DisplayName":"CollectionsTests.IsBalanced_Works","ExecutorUri":"executor://xunit/VsTestRunner3/netcore/","Source":"/home/runner/work/algorithms/algorithms/Tests/bin/Debug/net10.0/Tests.dll","CodeFilePath":null,"LineNumber":0,"Properties":[{"Key":{"Id":"XunitTestCaseUniqueID","Label":"xUnit.net Test Case Unique ID","Category":"","Description":"","Attributes":0,"ValueType":"System.String"},"Value":"b56785b74da1d0fba2ee37b24da1991344ae1be0"},{"Key":{"Id":"TestCase.ManagedType","Label":"ManagedType","Category":"","Description":"","Attributes":1,"ValueType":"System.String"},"Value":"CollectionsTests"},{"Key":{"Id":"XunitTestCaseExplicit","Label":"xUnit.net Test Case Explicit Flag","Category":"","Description":"","Attributes":0,"ValueType":"System.Boolean"},"Value":false},{"Key":{"Id":"TestCase.ManagedMethod","Label":"ManagedMethod","Category":"","Description":"","Attributes":1,"ValueType":"System.String"},"Value":"IsBalanced_Works"}]},"Attachments":[],"Outcome":1,"ErrorMessage":null,"ErrorStackTrace":null,"DisplayName":"CollectionsTests.IsBalanced_Works","Messages":[],"ComputerName":"runnervmg1sw1","Duration":"00:00:00.0019684","StartTime":"2025-11-23T09:48:15.4788352+00:00","EndTime":"2025-11-23T09:48:15.4790472+00:00","Properties":[]},{"TestCase":{"Id":"b1ec93d1-fcb1-8c78-c436-2097c5c68f0c","FullyQualifiedName":"MiscTests.Fibonacci_Works","DisplayName":"MiscTests.Fibonacci_Works","ExecutorUri":"executor://xunit/VsTestRunner3/netcore/","Source":"/home/runner/work/algorithms/algorithms/Tests/bin/Debug/net10.0/Tests.dll","CodeFilePath":null,"LineNumber":0,"Properties":[{"Key":{"Id":"XunitTestCaseUniqueID","Label":"xUnit.net Test Case Unique ID","Category":"","Description":"","Attributes":0,"ValueType":"System.String"},"Value":"1ffbfc7704fcf7c05679e44a6127211d56b74da2"},{"Key":{"Id":"TestCase.ManagedType","Label":"ManagedType","Category":"","Description":"","Attributes":1,"ValueType":"System.String"},"Value":"MiscTests"},{"Key":{"Id":"XunitTestCaseExplicit","Label":"xUnit.net Test Case Explicit Flag","Category":"","Description":"","Attributes":0,"ValueType":"System.Boolean"},"Value":false},{"Key":{"Id":"TestCase.ManagedMethod","Label":"ManagedMethod","Category":"","Description":"","Attributes":1,"ValueType":"System.String"},"Value":"Fibonacci_Works"}]},"Attachments":[],"Outcome":1,"ErrorMessage":null,"ErrorStackTrace":null,"DisplayName":"MiscTests.Fibonacci_Works","Messages":[],"ComputerName":"runnervmg1sw1","Duration":"00:00:00.0016824","StartTime":"2025-11-23T09:48:15.4794896+00:00","EndTime":"2025-11-23T09:48:15.479573+00:00","Properties":[]}],"TestRunStatistics":{"ExecutedTests":8,"Stats":{"Passed":8}},"ActiveTests":[{"Id":"af41532b-c186-cde9-7326-c23e1ba66bec","FullyQualifiedName":"GraphExtraTests.Dijkstra_Works","DisplayName":"GraphExtraTests.Dijkstra_Works","ExecutorUri":"executor://xunit/VsTestRunner3/netcore/","Source":"/home/runner/work/algorithms/algorithms/Tests/bin/Debug/net10.0/Tests.dll","CodeFilePath":null,"LineNumber":0,"Properties":[{"Key":{"Id":"XunitTestCaseUniqueID","Label":"xUnit.net Test Case Unique ID","Category":"","Description":"","Attributes":0,"ValueType":"System.String"},"Value":"963202a292346edbe7bbe6f61d5512937ab92242"},{"Key":{"Id":"TestCase.ManagedType","Label":"ManagedType","Category":"","Description":"","Attributes":1,"ValueType":"System.String"},"Value":"GraphExtraTests"},{"Key":{"Id":"XunitTestCaseExplicit","Label":"xUnit.net Test Case Explicit Flag","Category":"","Description":"","Attributes":0,"ValueType":"System.Boolean"},"Value":false},{"Key":{"Id":"TestCase.ManagedMethod","Label":"ManagedMethod","Category":"","Description":"","Attributes":1,"ValueType":"System.String"},"Value":"Dijkstra_Works"}]},{"Id":"406e85a3-5e29-7d49-0557-ff65ddfce79c","FullyQualifiedName":"MiscTests.Factorial_Works","DisplayName":"MiscTests.Factorial_Works","ExecutorUri":"executor://xunit/VsTestRunner3/netcore/","Source":"/home/runner/work/algorithms/algorithms/Tests/bin/Debug/net10.0/Tests.dll","CodeFilePath":null,"LineNumber":0,"Properties":[{"Key":{"Id":"XunitTestCaseUniqueID","Label":"xUnit.net Test Case Unique ID","Category":"","Description":"","Attributes":0,"ValueType":"System.String"},"Value":"a56503453252a607d7480654210900e573d38bf3"},{"Key":{"Id":"TestCase.ManagedType","Label":"ManagedType","Category":"","Description":"","Attributes":1,"ValueType":"System.String"},"Value":"MiscTests"},{"Key":{"Id":"XunitTestCaseExplicit","Label":"xUnit.net Test Case Explicit Flag","Category":"","Description":"","Attributes":0,"ValueType":"System.Boolean"},"Value":false},{"Key":{"Id":"TestCase.ManagedMethod","Label":"ManagedMethod","Category":"","Description":"","Attributes":1,"ValueType":"System.String"},"Value":"Factorial_Works"}]}]}}
TpTrace Verbose: 0 : 3748, 9, 2025/11/23, 09:48:15.554, 268824998704, vstest.console.dll, TestRunRequest:SendTestRunStatsChange: Starting.
TpTrace Verbose: 0 : 3748, 9, 2025/11/23, 09:48:15.554, 268825153907, vstest.console.dll, InProgress is GraphExtraTests.Dijkstra_Works
TpTrace Verbose: 0 : 3748, 9, 2025/11/23, 09:48:15.554, 268825174377, vstest.console.dll, InProgress is MiscTests.Factorial_Works
TpTrace Verbose: 0 : 3748, 9, 2025/11/23, 09:48:15.554, 268825338041, vstest.console.dll, MulticastDelegateUtilities.SafeInvoke: TestRun.RunStatsChanged: Invoking callbacks was skipped because there are no subscribers.
TpTrace Information: 0 : 3748, 9, 2025/11/23, 09:48:15.555, 268825398904, vstest.console.dll, TestRunRequest:SendTestRunStatsChange: Completed.
TpTrace Verbose: 0 : 3748, 9, 2025/11/23, 09:48:15.555, 268825421014, vstest.console.dll, MulticastDelegateUtilities.SafeInvoke: LengthPrefixCommunicationChannel: MessageReceived: Invoking callback 1/1 for Microsoft.VisualStudio.TestPlatform.CommunicationUtilities.TestRequestSender+<>c__DisplayClass34_0., took 33 ms.
TpTrace Verbose: 0 : 3748, 9, 2025/11/23, 09:48:15.555, 268825442471, vstest.console.dll, TcpClientExtensions.MessageLoopAsync: Polling on remoteEndPoint: 127.0.0.1:39624 localEndPoint: 127.0.0.1:38251 after 144 ms
TpTrace Verbose: 0 : 3748, 9, 2025/11/23, 09:48:15.555, 268825472820, vstest.console.dll, TcpClientExtensions.MessageLoopAsync: NotifyDataAvailable remoteEndPoint: 127.0.0.1:39624 localEndPoint: 127.0.0.1:38251
TpTrace Verbose: 0 : 3748, 9, 2025/11/23, 09:48:15.555, 268825523777, vstest.console.dll, TestRequestSender.OnExecutionMessageReceived: Received message: {"Version":7,"MessageType":"TestSession.Message","Payload":{"MessageLevel":2,"Message":"[xUnit.net 00:00:00.26]     GraphExtraTests.Dijkstra_Works [FAIL]"}}
TpTrace Verbose: 0 : 3748, 9, 2025/11/23, 09:48:15.555, 268825604933, vstest.console.dll, TestRunRequest:SendTestRunMessage: Starting.
TpTrace Verbose: 0 : 3748, 9, 2025/11/23, 09:48:15.555, 268825659196, vstest.console.dll, MulticastDelegateUtilities.SafeInvoke: TestRun.LogMessages: Invoking callback 1/1 for Microsoft.VisualStudio.TestPlatform.CommandLine.TestRunResultAggregator., took 0 ms.
TpTrace Information: 0 : 3748, 9, 2025/11/23, 09:48:15.555, 268825676207, vstest.console.dll, TestRunRequest:SendTestRunMessage: Completed.
TpTrace Verbose: 0 : 3748, 9, 2025/11/23, 09:48:15.555, 268825694205, vstest.console.dll, MulticastDelegateUtilities.SafeInvoke: LengthPrefixCommunicationChannel: MessageReceived: Invoking callback 1/1 for Microsoft.VisualStudio.TestPlatform.CommunicationUtilities.TestRequestSender+<>c__DisplayClass34_0., took 0 ms.
TpTrace Verbose: 0 : 3748, 9, 2025/11/23, 09:48:15.555, 268825711393, vstest.console.dll, TcpClientExtensions.MessageLoopAsync: Polling on remoteEndPoint: 127.0.0.1:39624 localEndPoint: 127.0.0.1:38251 after 0 ms
TpTrace Verbose: 0 : 3748, 9, 2025/11/23, 09:48:15.555, 268825730325, vstest.console.dll, TcpClientExtensions.MessageLoopAsync: NotifyDataAvailable remoteEndPoint: 127.0.0.1:39624 localEndPoint: 127.0.0.1:38251
TpTrace Verbose: 0 : 3748, 9, 2025/11/23, 09:48:15.555, 268825770677, vstest.console.dll, TestRequestSender.OnExecutionMessageReceived: Received message: {"Version":7,"MessageType":"TestSession.Message","Payload":{"MessageLevel":0,"Message":"[xUnit.net 00:00:00.26]       Expected dist[1] to be 4, but found 5."}}
TpTrace Verbose: 0 : 3748, 9, 2025/11/23, 09:48:15.555, 268825824495, vstest.console.dll, TestRunRequest:SendTestRunMessage: Starting.
TpTrace Verbose: 0 : 3748, 9, 2025/11/23, 09:48:15.555, 268825860853, vstest.console.dll, MulticastDelegateUtilities.SafeInvoke: TestRun.LogMessages: Invoking callback 1/1 for Microsoft.VisualStudio.TestPlatform.CommandLine.TestRunResultAggregator., took 0 ms.
TpTrace Information: 0 : 3748, 9, 2025/11/23, 09:48:15.555, 268825882645, vstest.console.dll, TestRunRequest:SendTestRunMessage: Completed.
TpTrace Verbose: 0 : 3748, 9, 2025/11/23, 09:48:15.555, 268825906100, vstest.console.dll, MulticastDelegateUtilities.SafeInvoke: LengthPrefixCommunicationChannel: MessageReceived: Invoking callback 1/1 for Microsoft.VisualStudio.TestPlatform.CommunicationUtilities.TestRequestSender+<>c__DisplayClass34_0., took 0 ms.
TpTrace Verbose: 0 : 3748, 9, 2025/11/23, 09:48:15.555, 268825931084, vstest.console.dll, TcpClientExtensions.MessageLoopAsync: Polling on remoteEndPoint: 127.0.0.1:39624 localEndPoint: 127.0.0.1:38251 after 0 ms
TpTrace Verbose: 0 : 3748, 9, 2025/11/23, 09:48:15.555, 268825948410, vstest.console.dll, TcpClientExtensions.MessageLoopAsync: NotifyDataAvailable remoteEndPoint: 127.0.0.1:39624 localEndPoint: 127.0.0.1:38251
TpTrace Verbose: 0 : 3748, 9, 2025/11/23, 09:48:15.555, 268826014422, vstest.console.dll, TestRequestSender.OnExecutionMessageReceived: Received message: {"Version":7,"MessageType":"TestSession.Message","Payload":{"MessageLevel":0,"Message":"[xUnit.net 00:00:00.26]       Stack Trace:"}}
TpTrace Verbose: 0 : 3748, 9, 2025/11/23, 09:48:15.555, 268826077985, vstest.console.dll, TestRunRequest:SendTestRunMessage: Starting.
TpTrace Verbose: 0 : 3748, 9, 2025/11/23, 09:48:15.555, 268826111195, vstest.console.dll, MulticastDelegateUtilities.SafeInvoke: TestRun.LogMessages: Invoking callback 1/1 for Microsoft.VisualStudio.TestPlatform.CommandLine.TestRunResultAggregator., took 0 ms.
TpTrace Information: 0 : 3748, 9, 2025/11/23, 09:48:15.555, 268826142254, vstest.console.dll, TestRunRequest:SendTestRunMessage: Completed.
TpTrace Verbose: 0 : 3748, 9, 2025/11/23, 09:48:15.555, 268826157475, vstest.console.dll, MulticastDelegateUtilities.SafeInvoke: LengthPrefixCommunicationChannel: MessageReceived: Invoking callback 1/1 for Microsoft.VisualStudio.TestPlatform.CommunicationUtilities.TestRequestSender+<>c__DisplayClass34_0., took 0 ms.
TpTrace Verbose: 0 : 3748, 9, 2025/11/23, 09:48:15.555, 268826173500, vstest.console.dll, TcpClientExtensions.MessageLoopAsync: Polling on remoteEndPoint: 127.0.0.1:39624 localEndPoint: 127.0.0.1:38251 after 0 ms
TpTrace Verbose: 0 : 3748, 9, 2025/11/23, 09:48:15.555, 268826192132, vstest.console.dll, TcpClientExtensions.MessageLoopAsync: NotifyDataAvailable remoteEndPoint: 127.0.0.1:39624 localEndPoint: 127.0.0.1:38251
TpTrace Verbose: 0 : 3748, 9, 2025/11/23, 09:48:15.555, 268826225473, vstest.console.dll, TestRequestSender.OnExecutionMessageReceived: Received message: {"Version":7,"MessageType":"TestSession.Message","Payload":{"MessageLevel":0,"Message":"[xUnit.net 00:00:00.26]            at FluentAssertions.Execution.XUnit2TestFramework.Throw(String message)"}}
TpTrace Verbose: 0 : 3748, 9, 2025/11/23, 09:48:15.555, 268826288696, vstest.console.dll, TestRunRequest:SendTestRunMessage: Starting.
TpTrace Verbose: 0 : 3748, 9, 2025/11/23, 09:48:15.555, 268826324391, vstest.console.dll, MulticastDelegateUtilities.SafeInvoke: TestRun.LogMessages: Invoking callback 1/1 for Microsoft.VisualStudio.TestPlatform.CommandLine.TestRunResultAggregator., took 0 ms.
TpTrace Information: 0 : 3748, 9, 2025/11/23, 09:48:15.556, 268826355555, vstest.console.dll, TestRunRequest:SendTestRunMessage: Completed.
TpTrace Verbose: 0 : 3748, 9, 2025/11/23, 09:48:15.556, 268826371446, vstest.console.dll, MulticastDelegateUtilities.SafeInvoke: LengthPrefixCommunicationChannel: MessageReceived: Invoking callback 1/1 for Microsoft.VisualStudio.TestPlatform.CommunicationUtilities.TestRequestSender+<>c__DisplayClass34_0., took 0 ms.
TpTrace Verbose: 0 : 3748, 9, 2025/11/23, 09:48:15.556, 268826387088, vstest.console.dll, TcpClientExtensions.MessageLoopAsync: Polling on remoteEndPoint: 127.0.0.1:39624 localEndPoint: 127.0.0.1:38251 after 0 ms
TpTrace Verbose: 0 : 3748, 9, 2025/11/23, 09:48:15.556, 268826403560, vstest.console.dll, TcpClientExtensions.MessageLoopAsync: NotifyDataAvailable remoteEndPoint: 127.0.0.1:39624 localEndPoint: 127.0.0.1:38251
TpTrace Verbose: 0 : 3748, 9, 2025/11/23, 09:48:15.556, 268826445347, vstest.console.dll, TestRequestSender.OnExecutionMessageReceived: Received message: {"Version":7,"MessageType":"TestSession.Message","Payload":{"MessageLevel":0,"Message":"[xUnit.net 00:00:00.26]            at FluentAssertions.Execution.TestFrameworkProvider.Throw(String message)"}}
TpTrace Verbose: 0 : 3748, 9, 2025/11/23, 09:48:15.556, 268826506020, vstest.console.dll, TestRunRequest:SendTestRunMessage: Starting.
TpTrace Verbose: 0 : 3748, 9, 2025/11/23, 09:48:15.556, 268826540278, vstest.console.dll, MulticastDelegateUtilities.SafeInvoke: TestRun.LogMessages: Invoking callback 1/1 for Microsoft.VisualStudio.TestPlatform.CommandLine.TestRunResultAggregator., took 0 ms.
TpTrace Information: 0 : 3748, 9, 2025/11/23, 09:48:15.556, 268826555639, vstest.console.dll, TestRunRequest:SendTestRunMessage: Completed.
TpTrace Verbose: 0 : 3748, 9, 2025/11/23, 09:48:15.556, 268826575660, vstest.console.dll, MulticastDelegateUtilities.SafeInvoke: LengthPrefixCommunicationChannel: MessageReceived: Invoking callback 1/1 for Microsoft.VisualStudio.TestPlatform.CommunicationUtilities.TestRequestSender+<>c__DisplayClass34_0., took 0 ms.
TpTrace Verbose: 0 : 3748, 9, 2025/11/23, 09:48:15.556, 268826592549, vstest.console.dll, TcpClientExtensions.MessageLoopAsync: Polling on remoteEndPoint: 127.0.0.1:39624 localEndPoint: 127.0.0.1:38251 after 0 ms
TpTrace Verbose: 0 : 3748, 9, 2025/11/23, 09:48:15.556, 268826608360, vstest.console.dll, TcpClientExtensions.MessageLoopAsync: NotifyDataAvailable remoteEndPoint: 127.0.0.1:39624 localEndPoint: 127.0.0.1:38251
TpTrace Verbose: 0 : 3748, 9, 2025/11/23, 09:48:15.556, 268826638680, vstest.console.dll, TestRequestSender.OnExecutionMessageReceived: Received message: {"Version":7,"MessageType":"TestSession.Message","Payload":{"MessageLevel":0,"Message":"[xUnit.net 00:00:00.26]            at FluentAssertions.Execution.DefaultAssertionStrategy.HandleFailure(String message)"}}
TpTrace Verbose: 0 : 3748, 9, 2025/11/23, 09:48:15.556, 268826694267, vstest.console.dll, TestRunRequest:SendTestRunMessage: Starting.
TpTrace Verbose: 0 : 3748, 9, 2025/11/23, 09:48:15.556, 268826723772, vstest.console.dll, MulticastDelegateUtilities.SafeInvoke: TestRun.LogMessages: Invoking callback 1/1 for Microsoft.VisualStudio.TestPlatform.CommandLine.TestRunResultAggregator., took 0 ms.
TpTrace Information: 0 : 3748, 9, 2025/11/23, 09:48:15.556, 268826738020, vstest.console.dll, TestRunRequest:SendTestRunMessage: Completed.
TpTrace Verbose: 0 : 3748, 9, 2025/11/23, 09:48:15.556, 268826754911, vstest.console.dll, MulticastDelegateUtilities.SafeInvoke: LengthPrefixCommunicationChannel: MessageReceived: Invoking callback 1/1 for Microsoft.VisualStudio.TestPlatform.CommunicationUtilities.TestRequestSender+<>c__DisplayClass34_0., took 0 ms.
TpTrace Verbose: 0 : 3748, 9, 2025/11/23, 09:48:15.556, 268826770629, vstest.console.dll, TcpClientExtensions.MessageLoopAsync: Polling on remoteEndPoint: 127.0.0.1:39624 localEndPoint: 127.0.0.1:38251 after 0 ms
TpTrace Verbose: 0 : 3748, 9, 2025/11/23, 09:48:15.556, 268826786819, vstest.console.dll, TcpClientExtensions.MessageLoopAsync: NotifyDataAvailable remoteEndPoint: 127.0.0.1:39624 localEndPoint: 127.0.0.1:38251
TpTrace Verbose: 0 : 3748, 9, 2025/11/23, 09:48:15.556, 268826815225, vstest.console.dll, TestRequestSender.OnExecutionMessageReceived: Received message: {"Version":7,"MessageType":"TestSession.Message","Payload":{"MessageLevel":0,"Message":"[xUnit.net 00:00:00.26]            at FluentAssertions.Execution.AssertionScope.FailWith(Func`1 failReasonFunc)"}}
TpTrace Verbose: 0 : 3748, 9, 2025/11/23, 09:48:15.556, 268826876758, vstest.console.dll, TestRunRequest:SendTestRunMessage: Starting.
TpTrace Verbose: 0 : 3748, 9, 2025/11/23, 09:48:15.556, 268826907305, vstest.console.dll, MulticastDelegateUtilities.SafeInvoke: TestRun.LogMessages: Invoking callback 1/1 for Microsoft.VisualStudio.TestPlatform.CommandLine.TestRunResultAggregator., took 0 ms.
TpTrace Information: 0 : 3748, 9, 2025/11/23, 09:48:15.556, 268826926798, vstest.console.dll, TestRunRequest:SendTestRunMessage: Completed.
TpTrace Verbose: 0 : 3748, 9, 2025/11/23, 09:48:15.556, 268826951645, vstest.console.dll, MulticastDelegateUtilities.SafeInvoke: LengthPrefixCommunicationChannel: MessageReceived: Invoking callback 1/1 for Microsoft.VisualStudio.TestPlatform.CommunicationUtilities.TestRequestSender+<>c__DisplayClass34_0., took 0 ms.
TpTrace Verbose: 0 : 3748, 9, 2025/11/23, 09:48:15.556, 268826969166, vstest.console.dll, TcpClientExtensions.MessageLoopAsync: Polling on remoteEndPoint: 127.0.0.1:39624 localEndPoint: 127.0.0.1:38251 after 0 ms
TpTrace Verbose: 0 : 3748, 9, 2025/11/23, 09:48:15.556, 268826995506, vstest.console.dll, TcpClientExtensions.MessageLoopAsync: NotifyDataAvailable remoteEndPoint: 127.0.0.1:39624 localEndPoint: 127.0.0.1:38251
TpTrace Verbose: 0 : 3748, 9, 2025/11/23, 09:48:15.556, 268827055188, vstest.console.dll, TestRequestSender.OnExecutionMessageReceived: Received message: {"Version":7,"MessageType":"TestSession.Message","Payload":{"MessageLevel":0,"Message":"[xUnit.net 00:00:00.26]            at FluentAssertions.Execution.AssertionScope.FailWith(Func`1 failReasonFunc)"}}
TpTrace Verbose: 0 : 3748, 9, 2025/11/23, 09:48:15.556, 268827118939, vstest.console.dll, TestRunRequest:SendTestRunMessage: Starting.
TpTrace Verbose: 0 : 3748, 9, 2025/11/23, 09:48:15.556, 268827153368, vstest.console.dll, MulticastDelegateUtilities.SafeInvoke: TestRun.LogMessages: Invoking callback 1/1 for Microsoft.VisualStudio.TestPlatform.CommandLine.TestRunResultAggregator., took 0 ms.
TpTrace Information: 0 : 3748, 9, 2025/11/23, 09:48:15.556, 268827170730, vstest.console.dll, TestRunRequest:SendTestRunMessage: Completed.
TpTrace Verbose: 0 : 3748, 9, 2025/11/23, 09:48:15.556, 268827186733, vstest.console.dll, MulticastDelegateUtilities.SafeInvoke: LengthPrefixCommunicationChannel: MessageReceived: Invoking callback 1/1 for Microsoft.VisualStudio.TestPlatform.CommunicationUtilities.TestRequestSender+<>c__DisplayClass34_0., took 0 ms.
TpTrace Verbose: 0 : 3748, 9, 2025/11/23, 09:48:15.556, 268827209648, vstest.console.dll, TcpClientExtensions.MessageLoopAsync: Polling on remoteEndPoint: 127.0.0.1:39624 localEndPoint: 127.0.0.1:38251 after 0 ms
TpTrace Verbose: 0 : 3748, 9, 2025/11/23, 09:48:15.556, 268827226377, vstest.console.dll, TcpClientExtensions.MessageLoopAsync: NotifyDataAvailable remoteEndPoint: 127.0.0.1:39624 localEndPoint: 127.0.0.1:38251
TpTrace Verbose: 0 : 3748, 9, 2025/11/23, 09:48:15.556, 268827259478, vstest.console.dll, TestRequestSender.OnExecutionMessageReceived: Received message: {"Version":7,"MessageType":"TestSession.Message","Payload":{"MessageLevel":0,"Message":"[xUnit.net 00:00:00.26]            at FluentAssertions.Execution.AssertionScope.FailWith(String message, Object[] args)"}}
TpTrace Verbose: 0 : 3748, 4, 2025/11/23, 09:48:15.556, 268827285795, vstest.console.dll, MulticastDelegateUtilities.SafeInvoke: InternalTestLoggerEvents.SendTestResult: Invoking callback 1/1 for Microsoft.VisualStudio.TestPlatform.CommandLine.Internal.ConsoleLogger., took 1 ms.
TpTrace Verbose: 0 : 3748, 9, 2025/11/23, 09:48:15.556, 268827318768, vstest.console.dll, TestRunRequest:SendTestRunMessage: Starting.
TpTrace Verbose: 0 : 3748, 9, 2025/11/23, 09:48:15.557, 268827355387, vstest.console.dll, MulticastDelegateUtilities.SafeInvoke: TestRun.LogMessages: Invoking callback 1/1 for Microsoft.VisualStudio.TestPlatform.CommandLine.TestRunResultAggregator., took 0 ms.
TpTrace Information: 0 : 3748, 9, 2025/11/23, 09:48:15.557, 268827371547, vstest.console.dll, TestRunRequest:SendTestRunMessage: Completed.
TpTrace Verbose: 0 : 3748, 9, 2025/11/23, 09:48:15.557, 268827388213, vstest.console.dll, MulticastDelegateUtilities.SafeInvoke: LengthPrefixCommunicationChannel: MessageReceived: Invoking callback 1/1 for Microsoft.VisualStudio.TestPlatform.CommunicationUtilities.TestRequestSender+<>c__DisplayClass34_0., took 0 ms.
TpTrace Verbose: 0 : 3748, 9, 2025/11/23, 09:48:15.557, 268827411043, vstest.console.dll, TcpClientExtensions.MessageLoopAsync: Polling on remoteEndPoint: 127.0.0.1:39624 localEndPoint: 127.0.0.1:38251 after 0 ms
TpTrace Verbose: 0 : 3748, 9, 2025/11/23, 09:48:15.557, 268827433667, vstest.console.dll, TcpClientExtensions.MessageLoopAsync: NotifyDataAvailable remoteEndPoint: 127.0.0.1:39624 localEndPoint: 127.0.0.1:38251
TpTrace Verbose: 0 : 3748, 9, 2025/11/23, 09:48:15.557, 268827468087, vstest.console.dll, TestRequestSender.OnExecutionMessageReceived: Received message: {"Version":7,"MessageType":"TestSession.Message","Payload":{"MessageLevel":0,"Message":"[xUnit.net 00:00:00.26]            at FluentAssertions.Numeric.NumericAssertions`2.Be(T expected, String because, Object[] becauseArgs)"}}
TpTrace Verbose: 0 : 3748, 9, 2025/11/23, 09:48:15.557, 268827534720, vstest.console.dll, TestRunRequest:SendTestRunMessage: Starting.
TpTrace Verbose: 0 : 3748, 9, 2025/11/23, 09:48:15.557, 268827574800, vstest.console.dll, MulticastDelegateUtilities.SafeInvoke: TestRun.LogMessages: Invoking callback 1/1 for Microsoft.VisualStudio.TestPlatform.CommandLine.TestRunResultAggregator., took 0 ms.
TpTrace Information: 0 : 3748, 9, 2025/11/23, 09:48:15.557, 268827593500, vstest.console.dll, TestRunRequest:SendTestRunMessage: Completed.
TpTrace Verbose: 0 : 3748, 4, 2025/11/23, 09:48:15.557, 268827607610, vstest.console.dll, MulticastDelegateUtilities.SafeInvoke: InternalTestLoggerEvents.SendTestResult: Invoking callback 1/1 for Microsoft.VisualStudio.TestPlatform.CommandLine.Internal.ConsoleLogger., took 0 ms.
TpTrace Verbose: 0 : 3748, 9, 2025/11/23, 09:48:15.557, 268827607073, vstest.console.dll, MulticastDelegateUtilities.SafeInvoke: LengthPrefixCommunicationChannel: MessageReceived: Invoking callback 1/1 for Microsoft.VisualStudio.TestPlatform.CommunicationUtilities.TestRequestSender+<>c__DisplayClass34_0., took 0 ms.
TpTrace Verbose: 0 : 3748, 9, 2025/11/23, 09:48:15.557, 268827663850, vstest.console.dll, TcpClientExtensions.MessageLoopAsync: Polling on remoteEndPoint: 127.0.0.1:39624 localEndPoint: 127.0.0.1:38251 after 0 ms
TpTrace Verbose: 0 : 3748, 4, 2025/11/23, 09:48:15.557, 268827664120, vstest.console.dll, MulticastDelegateUtilities.SafeInvoke: InternalTestLoggerEvents.SendTestResult: Invoking callback 1/1 for Microsoft.VisualStudio.TestPlatform.CommandLine.Internal.ConsoleLogger., took 0 ms.
TpTrace Verbose: 0 : 3748, 9, 2025/11/23, 09:48:15.557, 268827685083, vstest.console.dll, TcpClientExtensions.MessageLoopAsync: NotifyDataAvailable remoteEndPoint: 127.0.0.1:39624 localEndPoint: 127.0.0.1:38251
TpTrace Verbose: 0 : 3748, 4, 2025/11/23, 09:48:15.557, 268827720690, vstest.console.dll, MulticastDelegateUtilities.SafeInvoke: InternalTestLoggerEvents.SendTestResult: Invoking callback 1/1 for Microsoft.VisualStudio.TestPlatform.CommandLine.Internal.ConsoleLogger., took 0 ms.
TpTrace Verbose: 0 : 3748, 9, 2025/11/23, 09:48:15.557, 268827731276, vstest.console.dll, TestRequestSender.OnExecutionMessageReceived: Received message: {"Version":7,"MessageType":"TestSession.Message","Payload":{"MessageLevel":0,"Message":"[xUnit.net 00:00:00.26]         /home/runner/work/algorithms/algorithms/Tests/GraphExtraTests.cs(32,0): at GraphExtraTests.Dijkstra_Works()"}}
TpTrace Verbose: 0 : 3748, 4, 2025/11/23, 09:48:15.557, 268827755453, vstest.console.dll, MulticastDelegateUtilities.SafeInvoke: InternalTestLoggerEvents.SendTestResult: Invoking callback 1/1 for Microsoft.VisualStudio.TestPlatform.CommandLine.Internal.ConsoleLogger., took 0 ms.
TpTrace Verbose: 0 : 3748, 4, 2025/11/23, 09:48:15.557, 268827786546, vstest.console.dll, MulticastDelegateUtilities.SafeInvoke: InternalTestLoggerEvents.SendTestResult: Invoking callback 1/1 for Microsoft.VisualStudio.TestPlatform.CommandLine.Internal.ConsoleLogger., took 0 ms.
TpTrace Verbose: 0 : 3748, 9, 2025/11/23, 09:48:15.557, 268827797129, vstest.console.dll, TestRunRequest:SendTestRunMessage: Starting.
TpTrace Verbose: 0 : 3748, 9, 2025/11/23, 09:48:15.557, 268827840113, vstest.console.dll, MulticastDelegateUtilities.SafeInvoke: TestRun.LogMessages: Invoking callback 1/1 for Microsoft.VisualStudio.TestPlatform.CommandLine.TestRunResultAggregator., took 0 ms.
TpTrace Information: 0 : 3748, 9, 2025/11/23, 09:48:15.557, 268827860169, vstest.console.dll, TestRunRequest:SendTestRunMessage: Completed.
TpTrace Verbose: 0 : 3748, 9, 2025/11/23, 09:48:15.557, 268827878520, vstest.console.dll, MulticastDelegateUtilities.SafeInvoke: LengthPrefixCommunicationChannel: MessageReceived: Invoking callback 1/1 for Microsoft.VisualStudio.TestPlatform.CommunicationUtilities.TestRequestSender+<>c__DisplayClass34_0., took 0 ms.
TpTrace Verbose: 0 : 3748, 9, 2025/11/23, 09:48:15.557, 268827892309, vstest.console.dll, TcpClientExtensions.MessageLoopAsync: Polling on remoteEndPoint: 127.0.0.1:39624 localEndPoint: 127.0.0.1:38251 after 0 ms
TpTrace Verbose: 0 : 3748, 9, 2025/11/23, 09:48:15.557, 268827908562, vstest.console.dll, TcpClientExtensions.MessageLoopAsync: NotifyDataAvailable remoteEndPoint: 127.0.0.1:39624 localEndPoint: 127.0.0.1:38251
TpTrace Verbose: 0 : 3748, 9, 2025/11/23, 09:48:15.557, 268827938044, vstest.console.dll, TestRequestSender.OnExecutionMessageReceived: Received message: {"Version":7,"MessageType":"TestSession.Message","Payload":{"MessageLevel":0,"Message":"[xUnit.net 00:00:00.26]            at System.Reflection.MethodBaseInvoker.InterpretedInvoke_Method(Object obj, IntPtr* args)"}}
TpTrace Verbose: 0 : 3748, 9, 2025/11/23, 09:48:15.557, 268827992537, vstest.console.dll, TestRunRequest:SendTestRunMessage: Starting.
TpTrace Verbose: 0 : 3748, 9, 2025/11/23, 09:48:15.557, 268828054483, vstest.console.dll, MulticastDelegateUtilities.SafeInvoke: TestRun.LogMessages: Invoking callback 1/1 for Microsoft.VisualStudio.TestPlatform.CommandLine.TestRunResultAggregator., took 0 ms.
TpTrace Information: 0 : 3748, 9, 2025/11/23, 09:48:15.557, 268828070023, vstest.console.dll, TestRunRequest:SendTestRunMessage: Completed.
TpTrace Verbose: 0 : 3748, 9, 2025/11/23, 09:48:15.557, 268828083594, vstest.console.dll, MulticastDelegateUtilities.SafeInvoke: LengthPrefixCommunicationChannel: MessageReceived: Invoking callback 1/1 for Microsoft.VisualStudio.TestPlatform.CommunicationUtilities.TestRequestSender+<>c__DisplayClass34_0., took 0 ms.
TpTrace Verbose: 0 : 3748, 9, 2025/11/23, 09:48:15.557, 268828106545, vstest.console.dll, TcpClientExtensions.MessageLoopAsync: Polling on remoteEndPoint: 127.0.0.1:39624 localEndPoint: 127.0.0.1:38251 after 0 ms
TpTrace Verbose: 0 : 3748, 9, 2025/11/23, 09:48:15.557, 268828123764, vstest.console.dll, TcpClientExtensions.MessageLoopAsync: NotifyDataAvailable remoteEndPoint: 127.0.0.1:39624 localEndPoint: 127.0.0.1:38251
TpTrace Verbose: 0 : 3748, 9, 2025/11/23, 09:48:15.557, 268828159585, vstest.console.dll, TestRequestSender.OnExecutionMessageReceived: Received message: {"Version":7,"MessageType":"TestSession.Message","Payload":{"MessageLevel":0,"Message":"[xUnit.net 00:00:00.26]            at System.Reflection.MethodBaseInvoker.InvokeWithNoArgs(Object obj, BindingFlags invokeAttr)"}}
TpTrace Verbose: 0 : 3748, 9, 2025/11/23, 09:48:15.557, 268828219918, vstest.console.dll, TestRunRequest:SendTestRunMessage: Starting.
TpTrace Verbose: 0 : 3748, 9, 2025/11/23, 09:48:15.557, 268828254620, vstest.console.dll, MulticastDelegateUtilities.SafeInvoke: TestRun.LogMessages: Invoking callback 1/1 for Microsoft.VisualStudio.TestPlatform.CommandLine.TestRunResultAggregator., took 0 ms.
TpTrace Information: 0 : 3748, 9, 2025/11/23, 09:48:15.557, 268828270944, vstest.console.dll, TestRunRequest:SendTestRunMessage: Completed.
TpTrace Verbose: 0 : 3748, 9, 2025/11/23, 09:48:15.557, 268828285087, vstest.console.dll, MulticastDelegateUtilities.SafeInvoke: LengthPrefixCommunicationChannel: MessageReceived: Invoking callback 1/1 for Microsoft.VisualStudio.TestPlatform.CommunicationUtilities.TestRequestSender+<>c__DisplayClass34_0., took 0 ms.
TpTrace Verbose: 0 : 3748, 9, 2025/11/23, 09:48:15.557, 268828306728, vstest.console.dll, TcpClientExtensions.MessageLoopAsync: Polling on remoteEndPoint: 127.0.0.1:39624 localEndPoint: 127.0.0.1:38251 after 0 ms
TpTrace Verbose: 0 : 3748, 9, 2025/11/23, 09:48:15.557, 268828323354, vstest.console.dll, TcpClientExtensions.MessageLoopAsync: NotifyDataAvailable remoteEndPoint: 127.0.0.1:39624 localEndPoint: 127.0.0.1:38251
TpTrace Verbose: 0 : 3748, 9, 2025/11/23, 09:48:15.558, 268828366250, vstest.console.dll, TestRequestSender.OnExecutionMessageReceived: Received message: {"Version":7,"MessageType":"TestSession.Message","Payload":{"MessageLevel":0,"Message":"[xUnit.net 00:00:00.27]   Finished:    Tests"}}
TpTrace Verbose: 0 : 3748, 9, 2025/11/23, 09:48:15.558, 268828438332, vstest.console.dll, TestRunRequest:SendTestRunMessage: Starting.
TpTrace Verbose: 0 : 3748, 9, 2025/11/23, 09:48:15.558, 268828473615, vstest.console.dll, MulticastDelegateUtilities.SafeInvoke: TestRun.LogMessages: Invoking callback 1/1 for Microsoft.VisualStudio.TestPlatform.CommandLine.TestRunResultAggregator., took 0 ms.
TpTrace Information: 0 : 3748, 9, 2025/11/23, 09:48:15.558, 268828488613, vstest.console.dll, TestRunRequest:SendTestRunMessage: Completed.
TpTrace Verbose: 0 : 3748, 9, 2025/11/23, 09:48:15.558, 268828502131, vstest.console.dll, MulticastDelegateUtilities.SafeInvoke: LengthPrefixCommunicationChannel: MessageReceived: Invoking callback 1/1 for Microsoft.VisualStudio.TestPlatform.CommunicationUtilities.TestRequestSender+<>c__DisplayClass34_0., took 0 ms.
TpTrace Verbose: 0 : 3748, 9, 2025/11/23, 09:48:15.558, 268828529637, vstest.console.dll, TcpClientExtensions.MessageLoopAsync: Polling on remoteEndPoint: 127.0.0.1:39624 localEndPoint: 127.0.0.1:38251 after 0 ms
TpTrace Verbose: 0 : 3748, 4, 2025/11/23, 09:48:15.558, 268828591961, vstest.console.dll, MulticastDelegateUtilities.SafeInvoke: InternalTestLoggerEvents.SendTestResult: Invoking callback 1/1 for Microsoft.VisualStudio.TestPlatform.CommandLine.Internal.ConsoleLogger., took 0 ms.
TpTrace Verbose: 0 : 3748, 4, 2025/11/23, 09:48:15.558, 268828627740, vstest.console.dll, MulticastDelegateUtilities.SafeInvoke: InternalTestLoggerEvents.SendTestResult: Invoking callback 1/1 for Microsoft.VisualStudio.TestPlatform.CommandLine.Internal.ConsoleLogger., took 0 ms.
TpTrace Verbose: 0 : 3748, 4, 2025/11/23, 09:48:15.558, 268828801058, vstest.console.dll, MulticastDelegateUtilities.SafeInvoke: InternalTestLoggerEvents.SendTestRunMessage: Invoking callback 1/1 for Microsoft.VisualStudio.TestPlatform.CommandLine.Internal.ConsoleLogger., took 0 ms.
TpTrace Verbose: 0 : 3748, 4, 2025/11/23, 09:48:15.558, 268828867472, vstest.console.dll, MulticastDelegateUtilities.SafeInvoke: InternalTestLoggerEvents.SendTestRunMessage: Invoking callback 1/1 for Microsoft.VisualStudio.TestPlatform.CommandLine.Internal.ConsoleLogger., took 0 ms.
TpTrace Verbose: 0 : 3748, 4, 2025/11/23, 09:48:15.558, 268828889512, vstest.console.dll, MulticastDelegateUtilities.SafeInvoke: InternalTestLoggerEvents.SendTestRunMessage: Invoking callback 1/1 for Microsoft.VisualStudio.TestPlatform.CommandLine.Internal.ConsoleLogger., took 0 ms.
TpTrace Verbose: 0 : 3748, 4, 2025/11/23, 09:48:15.558, 268828909036, vstest.console.dll, MulticastDelegateUtilities.SafeInvoke: InternalTestLoggerEvents.SendTestRunMessage: Invoking callback 1/1 for Microsoft.VisualStudio.TestPlatform.CommandLine.Internal.ConsoleLogger., took 0 ms.
TpTrace Verbose: 0 : 3748, 4, 2025/11/23, 09:48:15.558, 268828933491, vstest.console.dll, MulticastDelegateUtilities.SafeInvoke: InternalTestLoggerEvents.SendTestRunMessage: Invoking callback 1/1 for Microsoft.VisualStudio.TestPlatform.CommandLine.Internal.ConsoleLogger., took 0 ms.
TpTrace Verbose: 0 : 3748, 4, 2025/11/23, 09:48:15.558, 268828952985, vstest.console.dll, MulticastDelegateUtilities.SafeInvoke: InternalTestLoggerEvents.SendTestRunMessage: Invoking callback 1/1 for Microsoft.VisualStudio.TestPlatform.CommandLine.Internal.ConsoleLogger., took 0 ms.
TpTrace Verbose: 0 : 3748, 4, 2025/11/23, 09:48:15.558, 268828973669, vstest.console.dll, MulticastDelegateUtilities.SafeInvoke: InternalTestLoggerEvents.SendTestRunMessage: Invoking callback 1/1 for Microsoft.VisualStudio.TestPlatform.CommandLine.Internal.ConsoleLogger., took 0 ms.
TpTrace Verbose: 0 : 3748, 4, 2025/11/23, 09:48:15.558, 268828996745, vstest.console.dll, MulticastDelegateUtilities.SafeInvoke: InternalTestLoggerEvents.SendTestRunMessage: Invoking callback 1/1 for Microsoft.VisualStudio.TestPlatform.CommandLine.Internal.ConsoleLogger., took 0 ms.
TpTrace Verbose: 0 : 3748, 4, 2025/11/23, 09:48:15.558, 268829047527, vstest.console.dll, MulticastDelegateUtilities.SafeInvoke: InternalTestLoggerEvents.SendTestRunMessage: Invoking callback 1/1 for Microsoft.VisualStudio.TestPlatform.CommandLine.Internal.ConsoleLogger., took 0 ms.
TpTrace Verbose: 0 : 3748, 4, 2025/11/23, 09:48:15.558, 268829073305, vstest.console.dll, MulticastDelegateUtilities.SafeInvoke: InternalTestLoggerEvents.SendTestRunMessage: Invoking callback 1/1 for Microsoft.VisualStudio.TestPlatform.CommandLine.Internal.ConsoleLogger., took 0 ms.
TpTrace Verbose: 0 : 3748, 4, 2025/11/23, 09:48:15.558, 268829090202, vstest.console.dll, MulticastDelegateUtilities.SafeInvoke: InternalTestLoggerEvents.SendTestRunMessage: Invoking callback 1/1 for Microsoft.VisualStudio.TestPlatform.CommandLine.Internal.ConsoleLogger., took 0 ms.
TpTrace Verbose: 0 : 3748, 4, 2025/11/23, 09:48:15.558, 268829107877, vstest.console.dll, MulticastDelegateUtilities.SafeInvoke: InternalTestLoggerEvents.SendTestRunMessage: Invoking callback 1/1 for Microsoft.VisualStudio.TestPlatform.CommandLine.Internal.ConsoleLogger., took 0 ms.
TpTrace Verbose: 0 : 3748, 4, 2025/11/23, 09:48:15.558, 268829133591, vstest.console.dll, MulticastDelegateUtilities.SafeInvoke: InternalTestLoggerEvents.SendTestRunMessage: Invoking callback 1/1 for Microsoft.VisualStudio.TestPlatform.CommandLine.Internal.ConsoleLogger., took 0 ms.
TpTrace Verbose: 0 : 3748, 4, 2025/11/23, 09:48:15.558, 268829152343, vstest.console.dll, MulticastDelegateUtilities.SafeInvoke: InternalTestLoggerEvents.SendTestRunMessage: Invoking callback 1/1 for Microsoft.VisualStudio.TestPlatform.CommandLine.Internal.ConsoleLogger., took 0 ms.
TpTrace Verbose: 0 : 3748, 9, 2025/11/23, 09:48:15.570, 268841300912, vstest.console.dll, TcpClientExtensions.MessageLoopAsync: NotifyDataAvailable remoteEndPoint: 127.0.0.1:39624 localEndPoint: 127.0.0.1:38251
TpTrace Verbose: 0 : 3748, 9, 2025/11/23, 09:48:15.571, 268841555729, vstest.console.dll, TestRequestSender.OnExecutionMessageReceived: Received message: {"Version":7,"MessageType":"TestExecution.Completed","Payload":{"TestRunCompleteArgs":{"TestRunStatistics":{"ExecutedTests":13,"Stats":{"Passed":12,"Failed":1}},"IsCanceled":false,"IsAborted":false,"Error":null,"AttachmentSets":[],"InvokedDataCollectors":[],"ElapsedTimeInRunningTests":"00:00:00.2883248","Metrics":{},"DiscoveredExtensions":{"TestDiscoverers":["Xunit.Runner.VisualStudio.VsTestRunner, xunit.runner.visualstudio.testadapter, Version=3.1.4.0, Culture=neutral, PublicKeyToken=null"],"TestExecutors":["executor://xunit/VsTestRunner3/netcore/"],"TestExecutors2":[],"TestSettingsProviders":[]}},"LastRunTests":{"NewTestResults":[{"TestCase":{"Id":"406e85a3-5e29-7d49-0557-ff65ddfce79c","FullyQualifiedName":"MiscTests.Factorial_Works","DisplayName":"MiscTests.Factorial_Works","ExecutorUri":"executor://xunit/VsTestRunner3/netcore/","Source":"/home/runner/work/algorithms/algorithms/Tests/bin/Debug/net10.0/Tests.dll","CodeFilePath":null,"LineNumber":0,"Properties":[{"Key":{"Id":"XunitTestCaseUniqueID","Label":"xUnit.net Test Case Unique ID","Category":"","Description":"","Attributes":0,"ValueType":"System.String"},"Value":"a56503453252a607d7480654210900e573d38bf3"},{"Key":{"Id":"TestCase.ManagedType","Label":"ManagedType","Category":"","Description":"","Attributes":1,"ValueType":"System.String"},"Value":"MiscTests"},{"Key":{"Id":"XunitTestCaseExplicit","Label":"xUnit.net Test Case Explicit Flag","Category":"","Description":"","Attributes":0,"ValueType":"System.Boolean"},"Value":false},{"Key":{"Id":"TestCase.ManagedMethod","Label":"ManagedMethod","Category":"","Description":"","Attributes":1,"ValueType":"System.String"},"Value":"Factorial_Works"}]},"Attachments":[],"Outcome":1,"ErrorMessage":null,"ErrorStackTrace":null,"DisplayName":"MiscTests.Factorial_Works","Messages":[],"ComputerName":"runnervmg1sw1","Duration":"00:00:00.0004664","StartTime":"2025-11-23T09:48:15.5208922+00:00","EndTime":"2025-11-23T09:48:15.5210239+00:00","Properties":[]},{"TestCase":{"Id":"1f464df9-197b-b68a-e052-72dccfb221cd","FullyQualifiedName":"SortingTests.BubbleSort_SortsArray","DisplayName":"SortingTests.BubbleSort_SortsArray","ExecutorUri":"executor://xunit/VsTestRunner3/netcore/","Source":"/home/runner/work/algorithms/algorithms/Tests/bin/Debug/net10.0/Tests.dll","CodeFilePath":null,"LineNumber":0,"Properties":[{"Key":{"Id":"XunitTestCaseUniqueID","Label":"xUnit.net Test Case Unique ID","Category":"","Description":"","Attributes":0,"ValueType":"System.String"},"Value":"346bfbe62018e4aa66080f8d6064277a216ba14d"},{"Key":{"Id":"TestCase.ManagedType","Label":"ManagedType","Category":"","Description":"","Attributes":1,"ValueType":"System.String"},"Value":"SortingTests"},{"Key":{"Id":"XunitTestCaseExplicit","Label":"xUnit.net Test Case Explicit Flag","Category":"","Description":"","Attributes":0,"ValueType":"System.Boolean"},"Value":false},{"Key":{"Id":"TestCase.ManagedMethod","Label":"ManagedMethod","Category":"","Description":"","Attributes":1,"ValueType":"System.String"},"Value":"BubbleSort_SortsArray"}]},"Attachments":[],"Outcome":1,"ErrorMessage":null,"ErrorStackTrace":null,"DisplayName":"SortingTests.BubbleSort_SortsArray","Messages":[],"ComputerName":"runnervmg1sw1","Duration":"00:00:00.0006991","StartTime":"2025-11-23T09:48:15.5228333+00:00","EndTime":"2025-11-23T09:48:15.5229449+00:00","Properties":[]},{"TestCase":{"Id":"98535ab4-0c3a-7e20-727c-314c8be0c32a","FullyQualifiedName":"SortingTests.QuickSort_SortsArray","DisplayName":"SortingTests.QuickSort_SortsArray","ExecutorUri":"executor://xunit/VsTestRunner3/netcore/","Source":"/home/runner/work/algorithms/algorithms/Tests/bin/Debug/net10.0/Tests.dll","CodeFilePath":null,"LineNumber":0,"Properties":[{"Key":{"Id":"XunitTestCaseUniqueID","Label":"xUnit.net Test Case Unique ID","Category":"","Description":"","Attributes":0,"ValueType":"System.String"},"Value":"bcaf260c3bc300c56b21cb101d133d5a740b8cce"},{"Key":{"Id":"TestCase.ManagedType","Label":"ManagedType","Category":"","Description":"","Attributes":1,"ValueType":"System.String"},"Value":"SortingTests"},{"Key":{"Id":"XunitTestCaseExplicit","Label":"xUnit.net Test Case Explicit Flag","Category":"","Description":"","Attributes":0,"ValueType":"System.Boolean"},"Value":false},{"Key":{"Id":"TestCase.ManagedMethod","Label":"ManagedMethod","Category":"","Description":"","Attributes":1,"ValueType":"System.String"},"Value":"QuickSort_SortsArray"}]},"Attachments":[],"Outcome":1,"ErrorMessage":null,"ErrorStackTrace":null,"DisplayName":"SortingTests.QuickSort_SortsArray","Messages":[],"ComputerName":"runnervmg1sw1","Duration":"00:00:00.0005097","StartTime":"2025-11-23T09:48:15.5232917+00:00","EndTime":"2025-11-23T09:48:15.5234055+00:00","Properties":[]},{"TestCase":{"Id":"af41532b-c186-cde9-7326-c23e1ba66bec","FullyQualifiedName":"GraphExtraTests.Dijkstra_Works","DisplayName":"GraphExtraTests.Dijkstra_Works","ExecutorUri":"executor://xunit/VsTestRunner3/netcore/","Source":"/home/runner/work/algorithms/algorithms/Tests/bin/Debug/net10.0/Tests.dll","CodeFilePath":null,"LineNumber":0,"Properties":[{"Key":{"Id":"XunitTestCaseUniqueID","Label":"xUnit.net Test Case Unique ID","Category":"","Description":"","Attributes":0,"ValueType":"System.String"},"Value":"963202a292346edbe7bbe6f61d5512937ab92242"},{"Key":{"Id":"TestCase.ManagedType","Label":"ManagedType","Category":"","Description":"","Attributes":1,"ValueType":"System.String"},"Value":"GraphExtraTests"},{"Key":{"Id":"XunitTestCaseExplicit","Label":"xUnit.net Test Case Explicit Flag","Category":"","Description":"","Attributes":0,"ValueType":"System.Boolean"},"Value":false},{"Key":{"Id":"TestCase.ManagedMethod","Label":"ManagedMethod","Category":"","Description":"","Attributes":1,"ValueType":"System.String"},"Value":"Dijkstra_Works"}]},"Attachments":[],"Outcome":2,"ErrorMessage":"Expected dist[1] to be 4, but found 5.","ErrorStackTrace":"   at FluentAssertions.Execution.XUnit2TestFramework.Throw(String message)\n   at FluentAssertions.Execution.TestFrameworkProvider.Throw(String message)\n   at FluentAssertions.Execution.DefaultAssertionStrategy.HandleFailure(String message)\n   at FluentAssertions.Execution.AssertionScope.FailWith(Func`1 failReasonFunc)\n   at FluentAssertions.Execution.AssertionScope.FailWith(Func`1 failReasonFunc)\n   at FluentAssertions.Execution.AssertionScope.FailWith(String message, Object[] args)\n   at FluentAssertions.Numeric.NumericAssertions`2.Be(T expected, String because, Object[] becauseArgs)\n   at GraphExtraTests.Dijkstra_Works() in /home/runner/work/algorithms/algorithms/Tests/GraphExtraTests.cs:line 32\n   at System.Reflection.MethodBaseInvoker.InterpretedInvoke_Method(Object obj, IntPtr* args)\n   at System.Reflection.MethodBaseInvoker.InvokeWithNoArgs(Object obj, BindingFlags invokeAttr)","DisplayName":"GraphExtraTests.Dijkstra_Works","Messages":[],"ComputerName":"runnervmg1sw1","Duration":"00:00:00.0912342","StartTime":"2025-11-23T09:48:15.4356827+00:00","EndTime":"2025-11-23T09:48:15.5346967+00:00","Properties":[]},{"TestCase":{"Id":"049e42aa-bd5c-00eb-9f32-370948bcd0fa","FullyQualifiedName":"GraphExtraTests.TopologicalSort_Works","DisplayName":"GraphExtraTests.TopologicalSort_Works","ExecutorUri":"executor://xunit/VsTestRunner3/netcore/","Source":"/home/runner/work/algorithms/algorithms/Tests/bin/Debug/net10.0/Tests.dll","CodeFilePath":null,"LineNumber":0,"Properties":[{"Key":{"Id":"XunitTestCaseUniqueID","Label":"xUnit.net Test Case Unique ID","Category":"","Description":"","Attributes":0,"ValueType":"System.String"},"Value":"d131452a91929c0e8b2488636afa0ffc7eb2e7b2"},{"Key":{"Id":"TestCase.ManagedType","Label":"ManagedType","Category":"","Description":"","Attributes":1,"ValueType":"System.String"},"Value":"GraphExtraTests"},{"Key":{"Id":"XunitTestCaseExplicit","Label":"xUnit.net Test Case Explicit Flag","Category":"","Description":"","Attributes":0,"ValueType":"System.Boolean"},"Value":false},{"Key":{"Id":"TestCase.ManagedMethod","Label":"ManagedMethod","Category":"","Description":"","Attributes":1,"ValueType":"System.String"},"Value":"TopologicalSort_Works"}]},"Attachments":[],"Outcome":1,"ErrorMessage":null,"ErrorStackTrace":null,"DisplayName":"GraphExtraTests.TopologicalSort_Works","Messages":[],"ComputerName":"runnervmg1sw1","Duration":"00:00:00.0018459","StartTime":"2025-11-23T09:48:15.5471283+00:00","EndTime":"2025-11-23T09:48:15.5472333+00:00","Properties":[]}],"TestRunStatistics":{"ExecutedTests":13,"Stats":{"Passed":12,"Failed":1}},"ActiveTests":[]},"RunAttachments":[],"ExecutorUris":["executor://xunit/VsTestRunner3/netcore/"]}}
TpTrace Verbose: 0 : 3748, 9, 2025/11/23, 09:48:15.571, 268841694781, vstest.console.dll, TestRequestSender.EndSession: Sending end session.
TpTrace Verbose: 0 : 3748, 9, 2025/11/23, 09:48:15.571, 268841835874, vstest.console.dll, ProxyOperationManager.Close: waiting for test host to exit for 100 ms
TpTrace Verbose: 0 : 3748, 10, 2025/11/23, 09:48:15.577, 268847956749, vstest.console.dll, TestHostManagerCallbacks.StandardOutputReceivedCallback Test host standard output line: 
TpTrace Warning: 0 : 3748, 5, 2025/11/23, 09:48:15.577, 268847960240, vstest.console.dll, TestHostManagerCallbacks.ErrorReceivedCallback Test host standard error line: 
TpTrace Verbose: 0 : 3748, 12, 2025/11/23, 09:48:15.579, 268849918947, vstest.console.dll, TestHostProvider.ExitCallBack: Host exited starting callback.
TpTrace Information: 0 : 3748, 12, 2025/11/23, 09:48:15.579, 268850029101, vstest.console.dll, TestHostManagerCallbacks.ExitCallBack: Testhost processId: 3760 exited with exitcode: 0 error: ''
TpTrace Verbose: 0 : 3748, 12, 2025/11/23, 09:48:15.579, 268850063554, vstest.console.dll, DotnetTestHostManager.OnHostExited: invoking OnHostExited callback
TpTrace Verbose: 0 : 3748, 12, 2025/11/23, 09:48:15.579, 268850331830, vstest.console.dll, CrossPlatEngine.TestHostManagerHostExited: calling on client process exit callback.
TpTrace Information: 0 : 3748, 12, 2025/11/23, 09:48:15.580, 268850413986, vstest.console.dll, TestRequestSender.OnClientProcessExit: Test host process exited. Standard error: 
TpTrace Information: 0 : 3748, 12, 2025/11/23, 09:48:15.580, 268850456726, vstest.console.dll, SocketServer.Stop: Stop server endPoint: 127.0.0.1:38251
TpTrace Information: 0 : 3748, 12, 2025/11/23, 09:48:15.580, 268850473449, vstest.console.dll, SocketServer.Stop: Cancellation requested. Stopping message loop.
TpTrace Verbose: 0 : 3748, 12, 2025/11/23, 09:48:15.580, 268850557173, vstest.console.dll, MulticastDelegateUtilities.SafeInvoke: HostProviderEvents.OnHostExited: Invoking callback 1/1 for Microsoft.VisualStudio.TestPlatform.CrossPlatEngine.Client.ProxyOperationManager., took 0 ms.
TpTrace Information: 0 : 3748, 9, 2025/11/23, 09:48:15.580, 268850673354, vstest.console.dll, SocketServer.Stop: Stop server endPoint: 127.0.0.1:38251
TpTrace Information: 0 : 3748, 9, 2025/11/23, 09:48:15.580, 268850698855, vstest.console.dll, SocketServer.Stop: Cancellation requested. Stopping message loop.
TpTrace Information: 0 : 3748, 9, 2025/11/23, 09:48:15.580, 268850729449, vstest.console.dll, Closing the connection
TpTrace Verbose: 0 : 3748, 9, 2025/11/23, 09:48:15.595, 268865485499, vstest.console.dll, ParallelRunEventsHandler.HandleTestRunComplete: Handling a run completion, this can be either one part of parallel run completing, or the whole parallel run completing.
TpTrace Verbose: 0 : 3748, 9, 2025/11/23, 09:48:15.609, 268879393261, vstest.console.dll, TestRunRequest:SendTestRunStatsChange: Starting.
TpTrace Verbose: 0 : 3748, 9, 2025/11/23, 09:48:15.609, 268879528186, vstest.console.dll, MulticastDelegateUtilities.SafeInvoke: TestRun.RunStatsChanged: Invoking callbacks was skipped because there are no subscribers.
TpTrace Information: 0 : 3748, 9, 2025/11/23, 09:48:15.609, 268879551146, vstest.console.dll, TestRunRequest:SendTestRunStatsChange: Completed.
TpTrace Verbose: 0 : 3748, 4, 2025/11/23, 09:48:15.609, 268879653720, vstest.console.dll, MulticastDelegateUtilities.SafeInvoke: InternalTestLoggerEvents.SendTestResult: Invoking callback 1/1 for Microsoft.VisualStudio.TestPlatform.CommandLine.Internal.ConsoleLogger., took 0 ms.
TpTrace Verbose: 0 : 3748, 4, 2025/11/23, 09:48:15.609, 268879708936, vstest.console.dll, MulticastDelegateUtilities.SafeInvoke: InternalTestLoggerEvents.SendTestResult: Invoking callback 1/1 for Microsoft.VisualStudio.TestPlatform.CommandLine.Internal.ConsoleLogger., took 0 ms.
TpTrace Verbose: 0 : 3748, 4, 2025/11/23, 09:48:15.609, 268879740346, vstest.console.dll, MulticastDelegateUtilities.SafeInvoke: InternalTestLoggerEvents.SendTestResult: Invoking callback 1/1 for Microsoft.VisualStudio.TestPlatform.CommandLine.Internal.ConsoleLogger., took 0 ms.
TpTrace Verbose: 0 : 3748, 9, 2025/11/23, 09:48:15.609, 268879844813, vstest.console.dll, ParallelProxyExecutionManager: HandlePartialRunComplete: Total workloads = 1, Total started clients = 1 Total completed clients = 1, Run complete = True, Run canceled: False.
TpTrace Verbose: 0 : 3748, 9, 2025/11/23, 09:48:15.609, 268879869199, vstest.console.dll, ParallelProxyExecutionManager: HandlePartialRunComplete: All runs completed stopping all managers.
TpTrace Verbose: 0 : 3748, 9, 2025/11/23, 09:48:15.609, 268879911836, vstest.console.dll, ParallelOperationManager.StopAllManagers: Stopping all managers.
TpTrace Verbose: 0 : 3748, 9, 2025/11/23, 09:48:15.609, 268879931757, vstest.console.dll, ParallelOperationManager.ClearSlots: Clearing all slots. Slots should accept more work: False
TpTrace Verbose: 0 : 3748, 9, 2025/11/23, 09:48:15.609, 268879960027, vstest.console.dll, ParallelOperationManager.SetOccupiedSlotCount: Setting slot counts AvailableSlotCount = 1, OccupiedSlotCount = 0.
TpTrace Verbose: 0 : 3748, 9, 2025/11/23, 09:48:15.609, 268879984585, vstest.console.dll, Occupied slots:

TpTrace Verbose: 0 : 3748, 9, 2025/11/23, 09:48:15.609, 268879998567, vstest.console.dll, ParallelRunEventsHandler.HandleTestRunComplete: Whole parallel run completed.
TpTrace Verbose: 0 : 3748, 4, 2025/11/23, 09:48:15.609, 268880207541, vstest.console.dll, MulticastDelegateUtilities.SafeInvoke: InternalTestLoggerEvents.SendTestResult: Invoking callback 1/1 for Microsoft.VisualStudio.TestPlatform.CommandLine.Internal.ConsoleLogger., took 0 ms.
TpTrace Verbose: 0 : 3748, 4, 2025/11/23, 09:48:15.610, 268880342439, vstest.console.dll, MulticastDelegateUtilities.SafeInvoke: InternalTestLoggerEvents.SendTestResult: Invoking callback 1/1 for Microsoft.VisualStudio.TestPlatform.CommandLine.Internal.ConsoleLogger., took 0 ms.
TpTrace Verbose: 0 : 3748, 4, 2025/11/23, 09:48:15.619, 268889824468, vstest.console.dll, MulticastDelegateUtilities.SafeInvoke: InternalTestLoggerEvents.SendTestRunComplete: Invoking callback 1/1 for Microsoft.VisualStudio.TestPlatform.CommandLine.Internal.ConsoleLogger., took 5 ms.
TpTrace Verbose: 0 : 3748, 9, 2025/11/23, 09:48:15.619, 268890245034, vstest.console.dll, TestRunRequest:TestRunComplete: Starting. IsAborted:False IsCanceled:False.
TpTrace Verbose: 0 : 3748, 9, 2025/11/23, 09:48:15.620, 268890419275, vstest.console.dll, ParallelOperationManager.DoActionOnAllManagers: Calling an action on all managers.
TpTrace Verbose: 0 : 3748, 9, 2025/11/23, 09:48:15.621, 268891991192, vstest.console.dll, TestLoggerManager.HandleTestRunComplete: Ignoring as the object is disposed.
TpTrace Verbose: 0 : 3748, 9, 2025/11/23, 09:48:15.622, 268892462265, vstest.console.dll, MulticastDelegateUtilities.SafeInvoke: TestRun.TestRunComplete: Invoking callback 1/2 for Microsoft.VisualStudio.TestPlatform.CommandLine.TestRunResultAggregator., took 0 ms.
TpTrace Verbose: 0 : 3748, 9, 2025/11/23, 09:48:15.622, 268892668762, vstest.console.dll, MulticastDelegateUtilities.SafeInvoke: TestRun.TestRunComplete: Invoking callback 2/2 for Microsoft.VisualStudio.TestPlatform.CommandLine.Processors.RunTestsArgumentExecutor+TestRunRequestEventsRegistrar., took 0 ms.
TpTrace Information: 0 : 3748, 9, 2025/11/23, 09:48:15.622, 268892791706, vstest.console.dll, TestRunRequest:TestRunComplete: Completed.
TpTrace Verbose: 0 : 3748, 9, 2025/11/23, 09:48:15.622, 268892832319, vstest.console.dll, TestRequestSender.SetOperationComplete: Setting operation complete.
TpTrace Information: 0 : 3748, 9, 2025/11/23, 09:48:15.622, 268892851672, vstest.console.dll, SocketServer.Stop: Stop server endPoint: 127.0.0.1:38251
TpTrace Information: 0 : 3748, 9, 2025/11/23, 09:48:15.622, 268892865158, vstest.console.dll, SocketServer.Stop: Cancellation requested. Stopping message loop.
TpTrace Verbose: 0 : 3748, 1, 2025/11/23, 09:48:15.622, 268892855356, vstest.console.dll, TestRunRequest.Dispose: Starting.
TpTrace Verbose: 0 : 3748, 9, 2025/11/23, 09:48:15.622, 268892902095, vstest.console.dll, MulticastDelegateUtilities.SafeInvoke: LengthPrefixCommunicationChannel: MessageReceived: Invoking callback 1/1 for Microsoft.VisualStudio.TestPlatform.CommunicationUtilities.TestRequestSender+<>c__DisplayClass34_0., took 51 ms.
TpTrace Information: 0 : 3748, 9, 2025/11/23, 09:48:15.622, 268892982348, vstest.console.dll, SocketServer.PrivateStop: Stopping server endPoint: 127.0.0.1:38251 error: 
TpTrace Information: 0 : 3748, 1, 2025/11/23, 09:48:15.622, 268892973719, vstest.console.dll, TestRunRequest.Dispose: Completed.
TpTrace Information: 0 : 3748, 1, 2025/11/23, 09:48:15.622, 268893072374, vstest.console.dll, TestRequestManager.RunTests: run tests completed.
TpTrace Information: 0 : 3748, 1, 2025/11/23, 09:48:15.622, 268893193242, vstest.console.dll, RunTestsArgumentProcessor:Execute: Test run is completed.
TpTrace Verbose: 0 : 3748, 9, 2025/11/23, 09:48:15.622, 268893214851, vstest.console.dll, LengthPrefixCommunicationChannel.Dispose: Dispose reader and writer.
TpTrace Information: 0 : 3748, 9, 2025/11/23, 09:48:15.622, 268893285970, vstest.console.dll, SocketServer.Stop: Raise disconnected event endPoint: 127.0.0.1:38251 error: 
TpTrace Verbose: 0 : 3748, 9, 2025/11/23, 09:48:15.623, 268893357512, vstest.console.dll, TestRequestSender: OnTestRunAbort: Operation is already complete. Skip error message.
TpTrace Verbose: 0 : 3748, 9, 2025/11/23, 09:48:15.623, 268893381618, vstest.console.dll, MulticastDelegateUtilities.SafeInvoke: SocketServer: ClientDisconnected: Invoking callback 1/1 for Microsoft.VisualStudio.TestPlatform.CommunicationUtilities.TestRequestSender., took 0 ms.
TpTrace Verbose: 0 : 3748, 9, 2025/11/23, 09:48:15.623, 268893417113, vstest.console.dll, TcpClientExtensions.MessageLoopAsync: exiting MessageLoopAsync remoteEndPoint: 127.0.0.1:39624 localEndPoint: 127.0.0.1:38251
TpTrace Verbose: 0 : 3748, 1, 2025/11/23, 09:48:15.623, 268893516464, vstest.console.dll, Executor.Execute: Exiting with exit code of 1
